mode: set
github.com/mikefarah/yq/v4/pkg/yqlib/all_at_once_evaluator.go:22.40,25.2 2 1
github.com/mikefarah/yq/v4/pkg/yqlib/all_at_once_evaluator.go:27.108,29.29 2 1
github.com/mikefarah/yq/v4/pkg/yqlib/all_at_once_evaluator.go:29.29,31.3 1 1
github.com/mikefarah/yq/v4/pkg/yqlib/all_at_once_evaluator.go:32.2,32.62 1 1
github.com/mikefarah/yq/v4/pkg/yqlib/all_at_once_evaluator.go:35.120,37.16 2 1
github.com/mikefarah/yq/v4/pkg/yqlib/all_at_once_evaluator.go:37.16,39.3 1 0
github.com/mikefarah/yq/v4/pkg/yqlib/all_at_once_evaluator.go:40.2,41.16 2 1
github.com/mikefarah/yq/v4/pkg/yqlib/all_at_once_evaluator.go:41.16,43.3 1 0
github.com/mikefarah/yq/v4/pkg/yqlib/all_at_once_evaluator.go:44.2,44.35 1 1
github.com/mikefarah/yq/v4/pkg/yqlib/all_at_once_evaluator.go:47.123,51.37 3 0
github.com/mikefarah/yq/v4/pkg/yqlib/all_at_once_evaluator.go:51.37,53.17 2 0
github.com/mikefarah/yq/v4/pkg/yqlib/all_at_once_evaluator.go:53.17,55.4 1 0
github.com/mikefarah/yq/v4/pkg/yqlib/all_at_once_evaluator.go:57.3,58.17 2 0
github.com/mikefarah/yq/v4/pkg/yqlib/all_at_once_evaluator.go:58.17,60.4 1 0
github.com/mikefarah/yq/v4/pkg/yqlib/all_at_once_evaluator.go:61.3,62.28 2 0
github.com/mikefarah/yq/v4/pkg/yqlib/all_at_once_evaluator.go:65.2,65.29 1 0
github.com/mikefarah/yq/v4/pkg/yqlib/all_at_once_evaluator.go:65.29,68.3 2 0
github.com/mikefarah/yq/v4/pkg/yqlib/all_at_once_evaluator.go:70.2,71.16 2 0
github.com/mikefarah/yq/v4/pkg/yqlib/all_at_once_evaluator.go:71.16,73.3 1 0
github.com/mikefarah/yq/v4/pkg/yqlib/all_at_once_evaluator.go:74.2,74.38 1 0
github.com/mikefarah/yq/v4/pkg/yqlib/candidate_node.go:30.64,35.2 4 1
github.com/mikefarah/yq/v4/pkg/yqlib/candidate_node.go:37.77,41.22 3 1
github.com/mikefarah/yq/v4/pkg/yqlib/candidate_node.go:42.24,43.23 1 1
github.com/mikefarah/yq/v4/pkg/yqlib/candidate_node.go:44.25,45.21 1 1
github.com/mikefarah/yq/v4/pkg/yqlib/candidate_node.go:46.12,47.22 1 1
github.com/mikefarah/yq/v4/pkg/yqlib/candidate_node.go:48.14,49.21 1 1
github.com/mikefarah/yq/v4/pkg/yqlib/candidate_node.go:50.11,51.22 1 1
github.com/mikefarah/yq/v4/pkg/yqlib/candidate_node.go:53.2,53.13 1 1
github.com/mikefarah/yq/v4/pkg/yqlib/candidate_node.go:88.54,92.2 1 1
github.com/mikefarah/yq/v4/pkg/yqlib/candidate_node.go:94.47,96.2 1 1
github.com/mikefarah/yq/v4/pkg/yqlib/candidate_node.go:98.44,100.21 1 1
github.com/mikefarah/yq/v4/pkg/yqlib/candidate_node.go:100.21,102.3 1 1
github.com/mikefarah/yq/v4/pkg/yqlib/candidate_node.go:103.2,103.19 1 1
github.com/mikefarah/yq/v4/pkg/yqlib/candidate_node.go:106.50,108.2 1 1
github.com/mikefarah/yq/v4/pkg/yqlib/candidate_node.go:110.46,111.21 1 1
github.com/mikefarah/yq/v4/pkg/yqlib/candidate_node.go:111.21,113.3 1 1
github.com/mikefarah/yq/v4/pkg/yqlib/candidate_node.go:114.2,114.19 1 1
github.com/mikefarah/yq/v4/pkg/yqlib/candidate_node.go:117.47,119.2 1 1
github.com/mikefarah/yq/v4/pkg/yqlib/candidate_node.go:121.44,122.21 1 1
github.com/mikefarah/yq/v4/pkg/yqlib/candidate_node.go:122.21,124.3 1 1
github.com/mikefarah/yq/v4/pkg/yqlib/candidate_node.go:125.2,125.20 1 1
github.com/mikefarah/yq/v4/pkg/yqlib/candidate_node.go:128.41,130.16 2 1
github.com/mikefarah/yq/v4/pkg/yqlib/candidate_node.go:130.16,132.3 1 1
github.com/mikefarah/yq/v4/pkg/yqlib/candidate_node.go:133.2,134.18 2 1
github.com/mikefarah/yq/v4/pkg/yqlib/candidate_node.go:134.18,136.3 1 1
github.com/mikefarah/yq/v4/pkg/yqlib/candidate_node.go:137.2,137.66 1 1
github.com/mikefarah/yq/v4/pkg/yqlib/candidate_node.go:140.57,145.2 1 1
github.com/mikefarah/yq/v4/pkg/yqlib/candidate_node.go:147.45,149.2 1 0
github.com/mikefarah/yq/v4/pkg/yqlib/candidate_node.go:151.52,152.16 1 1
github.com/mikefarah/yq/v4/pkg/yqlib/candidate_node.go:152.16,154.3 1 1
github.com/mikefarah/yq/v4/pkg/yqlib/candidate_node.go:155.2,155.18 1 1
github.com/mikefarah/yq/v4/pkg/yqlib/candidate_node.go:155.18,157.3 1 1
github.com/mikefarah/yq/v4/pkg/yqlib/candidate_node.go:158.2,158.26 1 1
github.com/mikefarah/yq/v4/pkg/yqlib/candidate_node.go:158.26,160.3 1 1
github.com/mikefarah/yq/v4/pkg/yqlib/candidate_node.go:161.2,162.16 2 1
github.com/mikefarah/yq/v4/pkg/yqlib/candidate_node.go:162.16,164.3 1 1
github.com/mikefarah/yq/v4/pkg/yqlib/candidate_node.go:165.2,165.14 1 1
github.com/mikefarah/yq/v4/pkg/yqlib/candidate_node.go:169.49,171.35 2 1
github.com/mikefarah/yq/v4/pkg/yqlib/candidate_node.go:171.35,173.3 1 1
github.com/mikefarah/yq/v4/pkg/yqlib/candidate_node.go:175.2,175.16 1 1
github.com/mikefarah/yq/v4/pkg/yqlib/candidate_node.go:175.16,177.3 1 1
github.com/mikefarah/yq/v4/pkg/yqlib/candidate_node.go:178.2,178.31 1 1
github.com/mikefarah/yq/v4/pkg/yqlib/candidate_node.go:181.46,184.31 3 1
github.com/mikefarah/yq/v4/pkg/yqlib/candidate_node.go:184.31,186.25 2 1
github.com/mikefarah/yq/v4/pkg/yqlib/candidate_node.go:187.12,188.42 1 1
github.com/mikefarah/yq/v4/pkg/yqlib/candidate_node.go:189.11,190.14 1 1
github.com/mikefarah/yq/v4/pkg/yqlib/candidate_node.go:190.14,192.5 1 1
github.com/mikefarah/yq/v4/pkg/yqlib/candidate_node.go:192.10,192.52 1 1
github.com/mikefarah/yq/v4/pkg/yqlib/candidate_node.go:192.52,194.5 1 1
github.com/mikefarah/yq/v4/pkg/yqlib/candidate_node.go:194.10,196.5 1 1
github.com/mikefarah/yq/v4/pkg/yqlib/candidate_node.go:199.2,199.20 1 1
github.com/mikefarah/yq/v4/pkg/yqlib/candidate_node.go:202.45,206.2 3 1
github.com/mikefarah/yq/v4/pkg/yqlib/candidate_node.go:208.58,210.2 1 1
github.com/mikefarah/yq/v4/pkg/yqlib/candidate_node.go:212.123,223.2 8 1
github.com/mikefarah/yq/v4/pkg/yqlib/candidate_node.go:225.59,228.22 3 1
github.com/mikefarah/yq/v4/pkg/yqlib/candidate_node.go:228.22,230.3 1 1
github.com/mikefarah/yq/v4/pkg/yqlib/candidate_node.go:230.8,235.3 4 1
github.com/mikefarah/yq/v4/pkg/yqlib/candidate_node.go:236.2,236.38 1 1
github.com/mikefarah/yq/v4/pkg/yqlib/candidate_node.go:239.64,240.27 1 1
github.com/mikefarah/yq/v4/pkg/yqlib/candidate_node.go:240.27,241.41 1 1
github.com/mikefarah/yq/v4/pkg/yqlib/candidate_node.go:241.41,245.4 3 1
github.com/mikefarah/yq/v4/pkg/yqlib/candidate_node.go:247.8,248.37 1 1
github.com/mikefarah/yq/v4/pkg/yqlib/candidate_node.go:248.37,250.4 1 1
github.com/mikefarah/yq/v4/pkg/yqlib/candidate_node.go:254.60,258.17 3 1
github.com/mikefarah/yq/v4/pkg/yqlib/candidate_node.go:259.15,261.18 2 1
github.com/mikefarah/yq/v4/pkg/yqlib/candidate_node.go:262.17,264.41 1 1
github.com/mikefarah/yq/v4/pkg/yqlib/candidate_node.go:265.16,266.30 1 1
github.com/mikefarah/yq/v4/pkg/yqlib/candidate_node.go:267.16,268.18 1 1
github.com/mikefarah/yq/v4/pkg/yqlib/candidate_node.go:271.2,271.21 1 1
github.com/mikefarah/yq/v4/pkg/yqlib/candidate_node.go:274.57,275.36 1 1
github.com/mikefarah/yq/v4/pkg/yqlib/candidate_node.go:275.36,277.3 1 1
github.com/mikefarah/yq/v4/pkg/yqlib/candidate_node.go:277.8,277.26 1 1
github.com/mikefarah/yq/v4/pkg/yqlib/candidate_node.go:277.26,280.3 2 1
github.com/mikefarah/yq/v4/pkg/yqlib/candidate_node.go:281.2,283.25 2 1
github.com/mikefarah/yq/v4/pkg/yqlib/candidate_node.go:283.25,286.3 2 0
github.com/mikefarah/yq/v4/pkg/yqlib/candidate_node.go:287.2,289.19 3 1
github.com/mikefarah/yq/v4/pkg/yqlib/candidate_node.go:292.95,299.2 2 1
github.com/mikefarah/yq/v4/pkg/yqlib/candidate_node.go:301.86,305.16 3 1
github.com/mikefarah/yq/v4/pkg/yqlib/candidate_node.go:305.16,307.3 1 1
github.com/mikefarah/yq/v4/pkg/yqlib/candidate_node.go:307.8,309.3 1 1
github.com/mikefarah/yq/v4/pkg/yqlib/candidate_node.go:311.2,311.16 1 1
github.com/mikefarah/yq/v4/pkg/yqlib/candidate_node.go:314.106,322.2 7 1
github.com/mikefarah/yq/v4/pkg/yqlib/candidate_node.go:324.47,326.2 1 1
github.com/mikefarah/yq/v4/pkg/yqlib/candidate_node.go:328.61,330.2 1 1
github.com/mikefarah/yq/v4/pkg/yqlib/candidate_node.go:332.66,336.18 3 1
github.com/mikefarah/yq/v4/pkg/yqlib/candidate_node.go:336.18,338.3 1 1
github.com/mikefarah/yq/v4/pkg/yqlib/candidate_node.go:340.2,373.18 2 1
github.com/mikefarah/yq/v4/pkg/yqlib/candidate_node.go:373.18,375.3 1 1
github.com/mikefarah/yq/v4/pkg/yqlib/candidate_node.go:377.2,377.14 1 1
github.com/mikefarah/yq/v4/pkg/yqlib/candidate_node.go:381.83,386.66 1 1
github.com/mikefarah/yq/v4/pkg/yqlib/candidate_node.go:386.66,388.3 1 1
github.com/mikefarah/yq/v4/pkg/yqlib/candidate_node.go:390.2,396.38 5 1
github.com/mikefarah/yq/v4/pkg/yqlib/candidate_node.go:400.93,402.26 2 1
github.com/mikefarah/yq/v4/pkg/yqlib/candidate_node.go:402.26,407.3 2 1
github.com/mikefarah/yq/v4/pkg/yqlib/candidate_node.go:408.2,411.78 2 1
github.com/mikefarah/yq/v4/pkg/yqlib/candidate_node.go:411.78,413.3 1 1
github.com/mikefarah/yq/v4/pkg/yqlib/candidate_node.go:415.2,417.32 2 1
github.com/mikefarah/yq/v4/pkg/yqlib/candidate_node.go:417.32,419.3 1 1
github.com/mikefarah/yq/v4/pkg/yqlib/candidate_node.go:424.2,424.18 1 1
github.com/mikefarah/yq/v4/pkg/yqlib/candidate_node.go:424.18,426.3 1 1
github.com/mikefarah/yq/v4/pkg/yqlib/candidate_node.go:428.2,428.29 1 1
github.com/mikefarah/yq/v4/pkg/yqlib/candidate_node.go:428.29,430.3 1 1
github.com/mikefarah/yq/v4/pkg/yqlib/candidate_node.go:431.2,431.29 1 1
github.com/mikefarah/yq/v4/pkg/yqlib/candidate_node.go:431.29,433.3 1 1
github.com/mikefarah/yq/v4/pkg/yqlib/candidate_node.go:434.2,434.29 1 1
github.com/mikefarah/yq/v4/pkg/yqlib/candidate_node.go:434.29,436.3 1 0
github.com/mikefarah/yq/v4/pkg/yqlib/candidate_node_yaml.go:9.46,10.18 1 1
github.com/mikefarah/yq/v4/pkg/yqlib/candidate_node_yaml.go:11.24,12.21 1 1
github.com/mikefarah/yq/v4/pkg/yqlib/candidate_node_yaml.go:13.30,14.27 1 1
github.com/mikefarah/yq/v4/pkg/yqlib/candidate_node_yaml.go:15.30,16.27 1 1
github.com/mikefarah/yq/v4/pkg/yqlib/candidate_node_yaml.go:17.25,18.22 1 1
github.com/mikefarah/yq/v4/pkg/yqlib/candidate_node_yaml.go:19.24,20.21 1 0
github.com/mikefarah/yq/v4/pkg/yqlib/candidate_node_yaml.go:21.22,22.19 1 1
github.com/mikefarah/yq/v4/pkg/yqlib/candidate_node_yaml.go:23.9,24.11 1 1
github.com/mikefarah/yq/v4/pkg/yqlib/candidate_node_yaml.go:26.2,26.24 1 1
github.com/mikefarah/yq/v4/pkg/yqlib/candidate_node_yaml.go:29.48,30.18 1 1
github.com/mikefarah/yq/v4/pkg/yqlib/candidate_node_yaml.go:31.19,32.26 1 1
github.com/mikefarah/yq/v4/pkg/yqlib/candidate_node_yaml.go:33.25,34.32 1 1
github.com/mikefarah/yq/v4/pkg/yqlib/candidate_node_yaml.go:35.25,36.32 1 1
github.com/mikefarah/yq/v4/pkg/yqlib/candidate_node_yaml.go:37.20,38.27 1 1
github.com/mikefarah/yq/v4/pkg/yqlib/candidate_node_yaml.go:39.19,40.26 1 1
github.com/mikefarah/yq/v4/pkg/yqlib/candidate_node_yaml.go:41.17,42.24 1 1
github.com/mikefarah/yq/v4/pkg/yqlib/candidate_node_yaml.go:43.9,44.11 1 1
github.com/mikefarah/yq/v4/pkg/yqlib/candidate_node_yaml.go:46.2,46.29 1 1
github.com/mikefarah/yq/v4/pkg/yqlib/candidate_node_yaml.go:49.96,56.20 5 1
github.com/mikefarah/yq/v4/pkg/yqlib/candidate_node_yaml.go:56.20,59.3 2 1
github.com/mikefarah/yq/v4/pkg/yqlib/candidate_node_yaml.go:62.2,62.50 1 1
github.com/mikefarah/yq/v4/pkg/yqlib/candidate_node_yaml.go:62.50,65.3 2 1
github.com/mikefarah/yq/v4/pkg/yqlib/candidate_node_yaml.go:66.2,71.24 5 1
github.com/mikefarah/yq/v4/pkg/yqlib/candidate_node_yaml.go:74.57,91.2 9 1
github.com/mikefarah/yq/v4/pkg/yqlib/candidate_node_yaml.go:93.124,98.31 2 1
github.com/mikefarah/yq/v4/pkg/yqlib/candidate_node_yaml.go:98.31,102.3 3 1
github.com/mikefarah/yq/v4/pkg/yqlib/candidate_node_yaml.go:104.2,105.22 2 1
github.com/mikefarah/yq/v4/pkg/yqlib/candidate_node_yaml.go:108.99,110.19 2 1
github.com/mikefarah/yq/v4/pkg/yqlib/candidate_node_yaml.go:127.22,131.13 4 1
github.com/mikefarah/yq/v4/pkg/yqlib/candidate_node_yaml.go:132.23,136.13 4 1
github.com/mikefarah/yq/v4/pkg/yqlib/candidate_node_yaml.go:137.24,142.45 5 1
github.com/mikefarah/yq/v4/pkg/yqlib/candidate_node_yaml.go:142.45,145.18 2 1
github.com/mikefarah/yq/v4/pkg/yqlib/candidate_node_yaml.go:145.18,147.5 1 0
github.com/mikefarah/yq/v4/pkg/yqlib/candidate_node_yaml.go:149.4,152.18 3 1
github.com/mikefarah/yq/v4/pkg/yqlib/candidate_node_yaml.go:152.18,154.5 1 0
github.com/mikefarah/yq/v4/pkg/yqlib/candidate_node_yaml.go:156.4,159.30 3 1
github.com/mikefarah/yq/v4/pkg/yqlib/candidate_node_yaml.go:161.3,162.13 2 1
github.com/mikefarah/yq/v4/pkg/yqlib/candidate_node_yaml.go:163.25,171.42 7 1
github.com/mikefarah/yq/v4/pkg/yqlib/candidate_node_yaml.go:171.42,179.18 7 1
github.com/mikefarah/yq/v4/pkg/yqlib/candidate_node_yaml.go:179.18,181.5 1 0
github.com/mikefarah/yq/v4/pkg/yqlib/candidate_node_yaml.go:183.4,184.28 2 1
github.com/mikefarah/yq/v4/pkg/yqlib/candidate_node_yaml.go:186.3,186.13 1 1
github.com/mikefarah/yq/v4/pkg/yqlib/candidate_node_yaml.go:187.9,191.13 3 0
github.com/mikefarah/yq/v4/pkg/yqlib/candidate_node_yaml.go:192.10,193.53 1 0
github.com/mikefarah/yq/v4/pkg/yqlib/candidate_node_yaml.go:197.59,199.16 2 1
github.com/mikefarah/yq/v4/pkg/yqlib/candidate_node_yaml.go:213.17,217.21 4 1
github.com/mikefarah/yq/v4/pkg/yqlib/candidate_node_yaml.go:218.18,222.21 4 1
github.com/mikefarah/yq/v4/pkg/yqlib/candidate_node_yaml.go:223.33,225.29 2 1
github.com/mikefarah/yq/v4/pkg/yqlib/candidate_node_yaml.go:225.29,227.4 1 1
github.com/mikefarah/yq/v4/pkg/yqlib/candidate_node_yaml.go:228.3,233.39 6 1
github.com/mikefarah/yq/v4/pkg/yqlib/candidate_node_yaml.go:233.39,237.18 2 1
github.com/mikefarah/yq/v4/pkg/yqlib/candidate_node_yaml.go:237.18,239.5 1 0
github.com/mikefarah/yq/v4/pkg/yqlib/candidate_node_yaml.go:240.4,240.29 1 1
github.com/mikefarah/yq/v4/pkg/yqlib/candidate_node_yaml.go:242.3,242.21 1 1
github.com/mikefarah/yq/v4/pkg/yqlib/candidate_node_yaml.go:244.2,246.20 3 0
github.com/mikefarah/yq/v4/pkg/yqlib/candidiate_node_json.go:12.68,14.33 2 1
github.com/mikefarah/yq/v4/pkg/yqlib/candidiate_node_json.go:15.11,17.19 2 1
github.com/mikefarah/yq/v4/pkg/yqlib/candidiate_node_json.go:18.24,22.47 3 1
github.com/mikefarah/yq/v4/pkg/yqlib/candidiate_node_json.go:22.47,25.4 1 1
github.com/mikefarah/yq/v4/pkg/yqlib/candidiate_node_json.go:26.25,28.18 2 0
github.com/mikefarah/yq/v4/pkg/yqlib/candidiate_node_json.go:29.12,31.19 2 1
github.com/mikefarah/yq/v4/pkg/yqlib/candidiate_node_json.go:32.14,34.18 2 1
github.com/mikefarah/yq/v4/pkg/yqlib/candidiate_node_json.go:35.10,36.56 1 0
github.com/mikefarah/yq/v4/pkg/yqlib/candidiate_node_json.go:38.2,38.12 1 1
github.com/mikefarah/yq/v4/pkg/yqlib/candidiate_node_json.go:41.58,43.17 2 1
github.com/mikefarah/yq/v4/pkg/yqlib/candidiate_node_json.go:44.11,52.17 6 1
github.com/mikefarah/yq/v4/pkg/yqlib/candidiate_node_json.go:52.17,54.4 1 0
github.com/mikefarah/yq/v4/pkg/yqlib/candidiate_node_json.go:57.3,58.66 2 1
github.com/mikefarah/yq/v4/pkg/yqlib/candidiate_node_json.go:58.66,62.37 1 1
github.com/mikefarah/yq/v4/pkg/yqlib/candidiate_node_json.go:62.37,63.10 1 1
github.com/mikefarah/yq/v4/pkg/yqlib/candidiate_node_json.go:66.4,75.49 8 1
github.com/mikefarah/yq/v4/pkg/yqlib/candidiate_node_json.go:75.49,77.5 1 0
github.com/mikefarah/yq/v4/pkg/yqlib/candidiate_node_json.go:79.4,79.55 1 1
github.com/mikefarah/yq/v4/pkg/yqlib/candidiate_node_json.go:82.3,82.44 1 1
github.com/mikefarah/yq/v4/pkg/yqlib/candidiate_node_json.go:82.44,84.4 1 0
github.com/mikefarah/yq/v4/pkg/yqlib/candidiate_node_json.go:85.3,85.13 1 1
github.com/mikefarah/yq/v4/pkg/yqlib/candidiate_node_json.go:86.11,91.57 5 1
github.com/mikefarah/yq/v4/pkg/yqlib/candidiate_node_json.go:91.57,93.4 1 0
github.com/mikefarah/yq/v4/pkg/yqlib/candidiate_node_json.go:95.3,95.34 1 1
github.com/mikefarah/yq/v4/pkg/yqlib/candidiate_node_json.go:95.34,97.20 1 1
github.com/mikefarah/yq/v4/pkg/yqlib/candidiate_node_json.go:97.20,100.5 1 1
github.com/mikefarah/yq/v4/pkg/yqlib/candidiate_node_json.go:101.4,109.40 8 1
github.com/mikefarah/yq/v4/pkg/yqlib/candidiate_node_json.go:111.3,111.13 1 1
github.com/mikefarah/yq/v4/pkg/yqlib/candidiate_node_json.go:113.2,118.16 4 1
github.com/mikefarah/yq/v4/pkg/yqlib/candidiate_node_json.go:118.16,120.3 1 0
github.com/mikefarah/yq/v4/pkg/yqlib/candidiate_node_json.go:121.2,123.36 2 1
github.com/mikefarah/yq/v4/pkg/yqlib/candidiate_node_json.go:127.55,134.16 6 1
github.com/mikefarah/yq/v4/pkg/yqlib/candidiate_node_json.go:139.17,142.26 3 0
github.com/mikefarah/yq/v4/pkg/yqlib/candidiate_node_json.go:143.18,146.17 3 1
github.com/mikefarah/yq/v4/pkg/yqlib/candidiate_node_json.go:146.17,148.4 1 0
github.com/mikefarah/yq/v4/pkg/yqlib/candidiate_node_json.go:149.3,150.26 2 1
github.com/mikefarah/yq/v4/pkg/yqlib/candidiate_node_json.go:151.19,154.42 3 1
github.com/mikefarah/yq/v4/pkg/yqlib/candidiate_node_json.go:154.42,155.57 1 1
github.com/mikefarah/yq/v4/pkg/yqlib/candidiate_node_json.go:155.57,157.5 1 0
github.com/mikefarah/yq/v4/pkg/yqlib/candidiate_node_json.go:158.4,159.53 2 1
github.com/mikefarah/yq/v4/pkg/yqlib/candidiate_node_json.go:159.53,161.5 1 0
github.com/mikefarah/yq/v4/pkg/yqlib/candidiate_node_json.go:162.4,162.29 1 1
github.com/mikefarah/yq/v4/pkg/yqlib/candidiate_node_json.go:162.29,164.5 1 1
github.com/mikefarah/yq/v4/pkg/yqlib/candidiate_node_json.go:166.3,167.26 2 1
github.com/mikefarah/yq/v4/pkg/yqlib/candidiate_node_json.go:168.20,171.26 3 1
github.com/mikefarah/yq/v4/pkg/yqlib/candidiate_node_json.go:172.10,174.26 2 0
github.com/mikefarah/yq/v4/pkg/yqlib/chown_linux.go:11.57,12.50 1 0
github.com/mikefarah/yq/v4/pkg/yqlib/chown_linux.go:12.50,17.17 4 0
github.com/mikefarah/yq/v4/pkg/yqlib/chown_linux.go:17.17,22.4 1 0
github.com/mikefarah/yq/v4/pkg/yqlib/chown_linux.go:24.2,24.12 1 0
github.com/mikefarah/yq/v4/pkg/yqlib/color_print.go:16.42,18.2 1 0
github.com/mikefarah/yq/v4/pkg/yqlib/color_print.go:20.65,23.36 3 0
github.com/mikefarah/yq/v4/pkg/yqlib/color_print.go:23.36,28.3 1 0
github.com/mikefarah/yq/v4/pkg/yqlib/color_print.go:29.2,29.38 1 0
github.com/mikefarah/yq/v4/pkg/yqlib/color_print.go:29.38,34.3 1 0
github.com/mikefarah/yq/v4/pkg/yqlib/color_print.go:35.2,35.38 1 0
github.com/mikefarah/yq/v4/pkg/yqlib/color_print.go:35.38,40.3 1 0
github.com/mikefarah/yq/v4/pkg/yqlib/color_print.go:41.2,41.38 1 0
github.com/mikefarah/yq/v4/pkg/yqlib/color_print.go:41.38,46.3 1 0
github.com/mikefarah/yq/v4/pkg/yqlib/color_print.go:47.2,47.37 1 0
github.com/mikefarah/yq/v4/pkg/yqlib/color_print.go:47.37,52.3 1 0
github.com/mikefarah/yq/v4/pkg/yqlib/color_print.go:53.2,53.38 1 0
github.com/mikefarah/yq/v4/pkg/yqlib/color_print.go:53.38,58.3 1 0
github.com/mikefarah/yq/v4/pkg/yqlib/color_print.go:59.2,60.12 2 0
github.com/mikefarah/yq/v4/pkg/yqlib/context.go:19.80,25.2 5 1
github.com/mikefarah/yq/v4/pkg/yqlib/context.go:27.72,31.2 3 1
github.com/mikefarah/yq/v4/pkg/yqlib/context.go:33.63,35.2 1 1
github.com/mikefarah/yq/v4/pkg/yqlib/context.go:37.46,38.28 1 1
github.com/mikefarah/yq/v4/pkg/yqlib/context.go:38.28,40.3 1 1
github.com/mikefarah/yq/v4/pkg/yqlib/context.go:41.2,41.21 1 1
github.com/mikefarah/yq/v4/pkg/yqlib/context.go:44.55,45.24 1 1
github.com/mikefarah/yq/v4/pkg/yqlib/context.go:45.24,47.3 1 1
github.com/mikefarah/yq/v4/pkg/yqlib/context.go:48.2,48.26 1 1
github.com/mikefarah/yq/v4/pkg/yqlib/context.go:51.62,52.24 1 1
github.com/mikefarah/yq/v4/pkg/yqlib/context.go:52.24,54.3 1 1
github.com/mikefarah/yq/v4/pkg/yqlib/context.go:55.2,55.27 1 1
github.com/mikefarah/yq/v4/pkg/yqlib/context.go:58.60,61.26 3 1
github.com/mikefarah/yq/v4/pkg/yqlib/context.go:61.26,63.17 2 1
github.com/mikefarah/yq/v4/pkg/yqlib/context.go:63.17,65.14 2 0
github.com/mikefarah/yq/v4/pkg/yqlib/context.go:68.2,69.14 2 1
github.com/mikefarah/yq/v4/pkg/yqlib/context.go:72.37,73.38 1 1
github.com/mikefarah/yq/v4/pkg/yqlib/context.go:73.38,75.3 1 0
github.com/mikefarah/yq/v4/pkg/yqlib/context.go:76.2,77.48 2 1
github.com/mikefarah/yq/v4/pkg/yqlib/context.go:80.39,85.63 4 0
github.com/mikefarah/yq/v4/pkg/yqlib/context.go:85.63,88.3 2 0
github.com/mikefarah/yq/v4/pkg/yqlib/context.go:90.2,90.16 1 0
github.com/mikefarah/yq/v4/pkg/yqlib/context.go:90.16,92.13 2 0
github.com/mikefarah/yq/v4/pkg/yqlib/context.go:94.2,94.14 1 0
github.com/mikefarah/yq/v4/pkg/yqlib/context.go:97.35,101.16 3 1
github.com/mikefarah/yq/v4/pkg/yqlib/context.go:101.16,103.13 2 0
github.com/mikefarah/yq/v4/pkg/yqlib/context.go:105.2,105.14 1 1
github.com/mikefarah/yq/v4/pkg/yqlib/context.go:108.43,112.2 3 1
github.com/mikefarah/yq/v4/pkg/yqlib/context.go:114.43,118.2 3 1
github.com/mikefarah/yq/v4/pkg/yqlib/data_tree_navigator.go:21.47,23.2 1 1
github.com/mikefarah/yq/v4/pkg/yqlib/data_tree_navigator.go:25.118,39.2 5 1
github.com/mikefarah/yq/v4/pkg/yqlib/data_tree_navigator.go:41.112,42.27 1 1
github.com/mikefarah/yq/v4/pkg/yqlib/data_tree_navigator.go:42.27,45.3 2 1
github.com/mikefarah/yq/v4/pkg/yqlib/data_tree_navigator.go:46.2,47.37 2 1
github.com/mikefarah/yq/v4/pkg/yqlib/data_tree_navigator.go:47.37,48.70 1 1
github.com/mikefarah/yq/v4/pkg/yqlib/data_tree_navigator.go:48.70,50.4 1 1
github.com/mikefarah/yq/v4/pkg/yqlib/data_tree_navigator.go:52.2,53.20 2 1
github.com/mikefarah/yq/v4/pkg/yqlib/data_tree_navigator.go:53.20,55.3 1 1
github.com/mikefarah/yq/v4/pkg/yqlib/data_tree_navigator.go:56.2,56.93 1 0
github.com/mikefarah/yq/v4/pkg/yqlib/decoder.go:28.64,29.16 1 1
github.com/mikefarah/yq/v4/pkg/yqlib/decoder.go:30.26,31.30 1 0
github.com/mikefarah/yq/v4/pkg/yqlib/decoder.go:32.18,33.29 1 1
github.com/mikefarah/yq/v4/pkg/yqlib/decoder.go:34.34,35.36 1 0
github.com/mikefarah/yq/v4/pkg/yqlib/decoder.go:36.29,37.30 1 1
github.com/mikefarah/yq/v4/pkg/yqlib/decoder.go:38.18,39.35 1 0
github.com/mikefarah/yq/v4/pkg/yqlib/decoder.go:40.18,41.35 1 0
github.com/mikefarah/yq/v4/pkg/yqlib/decoder.go:42.14,43.30 1 0
github.com/mikefarah/yq/v4/pkg/yqlib/decoder.go:44.10,45.100 1 0
github.com/mikefarah/yq/v4/pkg/yqlib/decoder.go:49.49,51.20 1 0
github.com/mikefarah/yq/v4/pkg/yqlib/decoder.go:51.20,54.16 3 0
github.com/mikefarah/yq/v4/pkg/yqlib/decoder.go:54.16,58.4 3 0
github.com/mikefarah/yq/v4/pkg/yqlib/decoder.go:61.2,62.15 2 0
github.com/mikefarah/yq/v4/pkg/yqlib/decoder_base64.go:15.53,20.2 4 1
github.com/mikefarah/yq/v4/pkg/yqlib/decoder_base64.go:22.54,26.37 3 1
github.com/mikefarah/yq/v4/pkg/yqlib/decoder_base64.go:26.37,28.3 1 1
github.com/mikefarah/yq/v4/pkg/yqlib/decoder_base64.go:29.2,29.15 1 1
github.com/mikefarah/yq/v4/pkg/yqlib/decoder_base64.go:39.33,41.2 1 1
github.com/mikefarah/yq/v4/pkg/yqlib/decoder_base64.go:43.56,48.2 4 1
github.com/mikefarah/yq/v4/pkg/yqlib/decoder_base64.go:50.60,51.18 1 1
github.com/mikefarah/yq/v4/pkg/yqlib/decoder_base64.go:51.18,53.3 1 0
github.com/mikefarah/yq/v4/pkg/yqlib/decoder_base64.go:54.2,57.54 3 1
github.com/mikefarah/yq/v4/pkg/yqlib/decoder_base64.go:57.54,59.3 1 0
github.com/mikefarah/yq/v4/pkg/yqlib/decoder_base64.go:60.2,60.20 1 1
github.com/mikefarah/yq/v4/pkg/yqlib/decoder_base64.go:60.20,66.23 2 1
github.com/mikefarah/yq/v4/pkg/yqlib/decoder_base64.go:66.23,68.4 1 1
github.com/mikefarah/yq/v4/pkg/yqlib/decoder_base64.go:70.2,71.50 2 1
github.com/mikefarah/yq/v4/pkg/yqlib/decoder_csv_object.go:17.50,19.2 1 1
github.com/mikefarah/yq/v4/pkg/yqlib/decoder_csv_object.go:21.59,28.2 6 1
github.com/mikefarah/yq/v4/pkg/yqlib/decoder_csv_object.go:30.75,32.16 2 1
github.com/mikefarah/yq/v4/pkg/yqlib/decoder_csv_object.go:32.16,34.3 1 0
github.com/mikefarah/yq/v4/pkg/yqlib/decoder_csv_object.go:35.2,35.13 1 1
github.com/mikefarah/yq/v4/pkg/yqlib/decoder_csv_object.go:38.99,41.35 2 1
github.com/mikefarah/yq/v4/pkg/yqlib/decoder_csv_object.go:41.35,43.3 1 1
github.com/mikefarah/yq/v4/pkg/yqlib/decoder_csv_object.go:44.2,44.19 1 1
github.com/mikefarah/yq/v4/pkg/yqlib/decoder_csv_object.go:47.63,48.18 1 1
github.com/mikefarah/yq/v4/pkg/yqlib/decoder_csv_object.go:48.18,50.3 1 0
github.com/mikefarah/yq/v4/pkg/yqlib/decoder_csv_object.go:51.2,53.16 3 1
github.com/mikefarah/yq/v4/pkg/yqlib/decoder_csv_object.go:53.16,55.3 1 1
github.com/mikefarah/yq/v4/pkg/yqlib/decoder_csv_object.go:57.2,61.40 3 1
github.com/mikefarah/yq/v4/pkg/yqlib/decoder_csv_object.go:61.40,66.3 4 1
github.com/mikefarah/yq/v4/pkg/yqlib/decoder_csv_object.go:67.2,67.29 1 1
github.com/mikefarah/yq/v4/pkg/yqlib/decoder_csv_object.go:67.29,69.3 1 0
github.com/mikefarah/yq/v4/pkg/yqlib/decoder_csv_object.go:71.2,71.23 1 1
github.com/mikefarah/yq/v4/pkg/yqlib/decoder_json.go:15.31,17.2 1 1
github.com/mikefarah/yq/v4/pkg/yqlib/decoder_json.go:19.54,22.2 2 1
github.com/mikefarah/yq/v4/pkg/yqlib/decoder_json.go:24.58,28.16 3 1
github.com/mikefarah/yq/v4/pkg/yqlib/decoder_json.go:28.16,30.3 1 1
github.com/mikefarah/yq/v4/pkg/yqlib/decoder_json.go:32.2,32.25 1 1
github.com/mikefarah/yq/v4/pkg/yqlib/decoder_properties.go:19.37,21.2 1 1
github.com/mikefarah/yq/v4/pkg/yqlib/decoder_properties.go:23.60,27.2 3 1
github.com/mikefarah/yq/v4/pkg/yqlib/decoder_properties.go:29.45,32.39 3 1
github.com/mikefarah/yq/v4/pkg/yqlib/decoder_properties.go:32.39,34.17 2 1
github.com/mikefarah/yq/v4/pkg/yqlib/decoder_properties.go:34.17,36.4 1 1
github.com/mikefarah/yq/v4/pkg/yqlib/decoder_properties.go:36.9,38.4 1 1
github.com/mikefarah/yq/v4/pkg/yqlib/decoder_properties.go:40.2,40.13 1 1
github.com/mikefarah/yq/v4/pkg/yqlib/decoder_properties.go:43.63,44.13 1 1
github.com/mikefarah/yq/v4/pkg/yqlib/decoder_properties.go:44.13,46.3 1 0
github.com/mikefarah/yq/v4/pkg/yqlib/decoder_properties.go:47.2,47.17 1 1
github.com/mikefarah/yq/v4/pkg/yqlib/decoder_properties.go:50.115,72.2 7 1
github.com/mikefarah/yq/v4/pkg/yqlib/decoder_properties.go:74.115,79.31 4 1
github.com/mikefarah/yq/v4/pkg/yqlib/decoder_properties.go:79.31,81.17 2 1
github.com/mikefarah/yq/v4/pkg/yqlib/decoder_properties.go:81.17,83.4 1 0
github.com/mikefarah/yq/v4/pkg/yqlib/decoder_properties.go:86.2,89.51 3 1
github.com/mikefarah/yq/v4/pkg/yqlib/decoder_properties.go:92.64,93.18 1 1
github.com/mikefarah/yq/v4/pkg/yqlib/decoder_properties.go:93.18,95.3 1 1
github.com/mikefarah/yq/v4/pkg/yqlib/decoder_properties.go:96.2,98.52 2 1
github.com/mikefarah/yq/v4/pkg/yqlib/decoder_properties.go:98.52,100.3 1 0
github.com/mikefarah/yq/v4/pkg/yqlib/decoder_properties.go:101.2,101.20 1 1
github.com/mikefarah/yq/v4/pkg/yqlib/decoder_properties.go:101.20,104.3 2 1
github.com/mikefarah/yq/v4/pkg/yqlib/decoder_properties.go:105.2,106.16 2 1
github.com/mikefarah/yq/v4/pkg/yqlib/decoder_properties.go:106.16,108.3 1 0
github.com/mikefarah/yq/v4/pkg/yqlib/decoder_properties.go:109.2,119.40 5 1
github.com/mikefarah/yq/v4/pkg/yqlib/decoder_properties.go:119.40,120.69 1 1
github.com/mikefarah/yq/v4/pkg/yqlib/decoder_properties.go:120.69,122.4 1 0
github.com/mikefarah/yq/v4/pkg/yqlib/decoder_properties.go:125.2,127.21 2 1
github.com/mikefarah/yq/v4/pkg/yqlib/decoder_toml.go:23.31,28.2 1 1
github.com/mikefarah/yq/v4/pkg/yqlib/decoder_toml.go:30.54,34.16 4 1
github.com/mikefarah/yq/v4/pkg/yqlib/decoder_toml.go:34.16,36.3 1 0
github.com/mikefarah/yq/v4/pkg/yqlib/decoder_toml.go:37.2,42.12 3 1
github.com/mikefarah/yq/v4/pkg/yqlib/decoder_toml.go:45.72,47.6 2 1
github.com/mikefarah/yq/v4/pkg/yqlib/decoder_toml.go:47.6,50.22 3 1
github.com/mikefarah/yq/v4/pkg/yqlib/decoder_toml.go:50.22,52.4 1 1
github.com/mikefarah/yq/v4/pkg/yqlib/decoder_toml.go:56.99,62.16 5 1
github.com/mikefarah/yq/v4/pkg/yqlib/decoder_toml.go:62.16,64.3 1 0
github.com/mikefarah/yq/v4/pkg/yqlib/decoder_toml.go:66.2,69.53 3 1
github.com/mikefarah/yq/v4/pkg/yqlib/decoder_toml.go:72.107,74.70 2 1
github.com/mikefarah/yq/v4/pkg/yqlib/decoder_toml.go:74.70,76.3 1 0
github.com/mikefarah/yq/v4/pkg/yqlib/decoder_toml.go:78.2,78.34 1 1
github.com/mikefarah/yq/v4/pkg/yqlib/decoder_toml.go:78.34,82.37 3 1
github.com/mikefarah/yq/v4/pkg/yqlib/decoder_toml.go:82.37,83.72 1 1
github.com/mikefarah/yq/v4/pkg/yqlib/decoder_toml.go:83.72,85.5 1 0
github.com/mikefarah/yq/v4/pkg/yqlib/decoder_toml.go:86.9,91.4 3 1
github.com/mikefarah/yq/v4/pkg/yqlib/decoder_toml.go:93.2,94.19 2 1
github.com/mikefarah/yq/v4/pkg/yqlib/decoder_toml.go:97.91,102.22 4 1
github.com/mikefarah/yq/v4/pkg/yqlib/decoder_toml.go:102.22,104.34 2 1
github.com/mikefarah/yq/v4/pkg/yqlib/decoder_toml.go:104.34,106.4 1 0
github.com/mikefarah/yq/v4/pkg/yqlib/decoder_toml.go:108.3,113.70 2 1
github.com/mikefarah/yq/v4/pkg/yqlib/decoder_toml.go:113.70,115.4 1 0
github.com/mikefarah/yq/v4/pkg/yqlib/decoder_toml.go:117.3,117.50 1 1
github.com/mikefarah/yq/v4/pkg/yqlib/decoder_toml.go:120.2,124.8 1 1
github.com/mikefarah/yq/v4/pkg/yqlib/decoder_toml.go:127.82,130.22 3 1
github.com/mikefarah/yq/v4/pkg/yqlib/decoder_toml.go:130.22,133.17 3 1
github.com/mikefarah/yq/v4/pkg/yqlib/decoder_toml.go:133.17,135.4 1 0
github.com/mikefarah/yq/v4/pkg/yqlib/decoder_toml.go:136.3,136.38 1 1
github.com/mikefarah/yq/v4/pkg/yqlib/decoder_toml.go:139.2,143.8 1 1
github.com/mikefarah/yq/v4/pkg/yqlib/decoder_toml.go:147.89,150.2 2 1
github.com/mikefarah/yq/v4/pkg/yqlib/decoder_toml.go:152.87,155.2 2 1
github.com/mikefarah/yq/v4/pkg/yqlib/decoder_toml.go:157.90,161.2 3 1
github.com/mikefarah/yq/v4/pkg/yqlib/decoder_toml.go:163.91,167.2 3 1
github.com/mikefarah/yq/v4/pkg/yqlib/decoder_toml.go:169.88,173.2 3 1
github.com/mikefarah/yq/v4/pkg/yqlib/decoder_toml.go:175.81,176.23 1 1
github.com/mikefarah/yq/v4/pkg/yqlib/decoder_toml.go:177.29,178.42 1 1
github.com/mikefarah/yq/v4/pkg/yqlib/decoder_toml.go:179.17,180.40 1 1
github.com/mikefarah/yq/v4/pkg/yqlib/decoder_toml.go:181.20,182.43 1 1
github.com/mikefarah/yq/v4/pkg/yqlib/decoder_toml.go:183.21,184.44 1 1
github.com/mikefarah/yq/v4/pkg/yqlib/decoder_toml.go:185.18,186.41 1 1
github.com/mikefarah/yq/v4/pkg/yqlib/decoder_toml.go:187.18,188.35 1 1
github.com/mikefarah/yq/v4/pkg/yqlib/decoder_toml.go:189.24,190.44 1 1
github.com/mikefarah/yq/v4/pkg/yqlib/decoder_toml.go:191.10,192.63 1 0
github.com/mikefarah/yq/v4/pkg/yqlib/decoder_toml.go:197.58,198.18 1 1
github.com/mikefarah/yq/v4/pkg/yqlib/decoder_toml.go:198.18,200.3 1 1
github.com/mikefarah/yq/v4/pkg/yqlib/decoder_toml.go:203.2,204.15 2 1
github.com/mikefarah/yq/v4/pkg/yqlib/decoder_toml.go:204.15,205.31 1 1
github.com/mikefarah/yq/v4/pkg/yqlib/decoder_toml.go:205.31,208.11 3 0
github.com/mikefarah/yq/v4/pkg/yqlib/decoder_toml.go:208.11,210.5 1 0
github.com/mikefarah/yq/v4/pkg/yqlib/decoder_toml.go:214.2,217.58 4 1
github.com/mikefarah/yq/v4/pkg/yqlib/decoder_toml.go:217.58,219.27 1 1
github.com/mikefarah/yq/v4/pkg/yqlib/decoder_toml.go:219.27,221.4 1 1
github.com/mikefarah/yq/v4/pkg/yqlib/decoder_toml.go:223.3,227.17 4 1
github.com/mikefarah/yq/v4/pkg/yqlib/decoder_toml.go:227.17,229.4 1 0
github.com/mikefarah/yq/v4/pkg/yqlib/decoder_toml.go:233.2,234.16 2 1
github.com/mikefarah/yq/v4/pkg/yqlib/decoder_toml.go:234.16,236.3 1 1
github.com/mikefarah/yq/v4/pkg/yqlib/decoder_toml.go:239.2,241.35 2 1
github.com/mikefarah/yq/v4/pkg/yqlib/decoder_toml.go:241.35,243.3 1 1
github.com/mikefarah/yq/v4/pkg/yqlib/decoder_toml.go:245.2,245.35 1 1
github.com/mikefarah/yq/v4/pkg/yqlib/decoder_toml.go:249.83,253.36 4 1
github.com/mikefarah/yq/v4/pkg/yqlib/decoder_toml.go:253.36,255.3 1 1
github.com/mikefarah/yq/v4/pkg/yqlib/decoder_toml.go:255.8,255.48 1 1
github.com/mikefarah/yq/v4/pkg/yqlib/decoder_toml.go:255.48,257.3 1 1
github.com/mikefarah/yq/v4/pkg/yqlib/decoder_toml.go:257.8,259.3 1 1
github.com/mikefarah/yq/v4/pkg/yqlib/decoder_toml.go:261.2,262.34 2 1
github.com/mikefarah/yq/v4/pkg/yqlib/decoder_toml.go:265.76,271.15 5 1
github.com/mikefarah/yq/v4/pkg/yqlib/decoder_toml.go:271.15,273.3 1 0
github.com/mikefarah/yq/v4/pkg/yqlib/decoder_toml.go:275.2,281.38 3 1
github.com/mikefarah/yq/v4/pkg/yqlib/decoder_toml.go:281.38,284.3 2 1
github.com/mikefarah/yq/v4/pkg/yqlib/decoder_toml.go:286.2,288.43 3 1
github.com/mikefarah/yq/v4/pkg/yqlib/decoder_toml.go:288.43,290.3 1 0
github.com/mikefarah/yq/v4/pkg/yqlib/decoder_toml.go:291.2,295.16 4 1
github.com/mikefarah/yq/v4/pkg/yqlib/decoder_toml.go:295.16,297.3 1 0
github.com/mikefarah/yq/v4/pkg/yqlib/decoder_toml.go:298.2,298.34 1 1
github.com/mikefarah/yq/v4/pkg/yqlib/decoder_toml.go:301.104,320.2 6 1
github.com/mikefarah/yq/v4/pkg/yqlib/decoder_toml.go:322.81,331.15 5 1
github.com/mikefarah/yq/v4/pkg/yqlib/decoder_toml.go:331.15,333.3 1 0
github.com/mikefarah/yq/v4/pkg/yqlib/decoder_toml.go:335.2,343.43 5 1
github.com/mikefarah/yq/v4/pkg/yqlib/decoder_toml.go:343.43,345.3 1 0
github.com/mikefarah/yq/v4/pkg/yqlib/decoder_toml.go:346.2,353.34 4 1
github.com/mikefarah/yq/v4/pkg/yqlib/decoder_uri.go:15.30,17.2 1 1
github.com/mikefarah/yq/v4/pkg/yqlib/decoder_uri.go:19.53,24.2 4 1
github.com/mikefarah/yq/v4/pkg/yqlib/decoder_uri.go:26.57,27.18 1 1
github.com/mikefarah/yq/v4/pkg/yqlib/decoder_uri.go:27.18,29.3 1 0
github.com/mikefarah/yq/v4/pkg/yqlib/decoder_uri.go:31.2,33.52 2 1
github.com/mikefarah/yq/v4/pkg/yqlib/decoder_uri.go:33.52,35.3 1 0
github.com/mikefarah/yq/v4/pkg/yqlib/decoder_uri.go:36.2,36.20 1 1
github.com/mikefarah/yq/v4/pkg/yqlib/decoder_uri.go:36.20,42.23 2 0
github.com/mikefarah/yq/v4/pkg/yqlib/decoder_uri.go:42.23,44.4 1 0
github.com/mikefarah/yq/v4/pkg/yqlib/decoder_uri.go:46.2,47.16 2 1
github.com/mikefarah/yq/v4/pkg/yqlib/decoder_uri.go:47.16,49.3 1 0
github.com/mikefarah/yq/v4/pkg/yqlib/decoder_uri.go:50.2,51.46 2 1
github.com/mikefarah/yq/v4/pkg/yqlib/decoder_xml.go:24.50,29.2 1 1
github.com/mikefarah/yq/v4/pkg/yqlib/decoder_xml.go:31.53,36.2 4 1
github.com/mikefarah/yq/v4/pkg/yqlib/decoder_xml.go:38.81,40.30 2 1
github.com/mikefarah/yq/v4/pkg/yqlib/decoder_xml.go:40.30,42.17 2 1
github.com/mikefarah/yq/v4/pkg/yqlib/decoder_xml.go:42.17,44.4 1 0
github.com/mikefarah/yq/v4/pkg/yqlib/decoder_xml.go:45.3,45.31 1 1
github.com/mikefarah/yq/v4/pkg/yqlib/decoder_xml.go:48.2,48.22 1 1
github.com/mikefarah/yq/v4/pkg/yqlib/decoder_xml.go:53.56,54.13 1 1
github.com/mikefarah/yq/v4/pkg/yqlib/decoder_xml.go:54.13,56.3 1 1
github.com/mikefarah/yq/v4/pkg/yqlib/decoder_xml.go:61.2,63.20 3 1
github.com/mikefarah/yq/v4/pkg/yqlib/decoder_xml.go:66.70,70.21 3 1
github.com/mikefarah/yq/v4/pkg/yqlib/decoder_xml.go:70.21,78.3 7 1
github.com/mikefarah/yq/v4/pkg/yqlib/decoder_xml.go:80.2,80.42 1 1
github.com/mikefarah/yq/v4/pkg/yqlib/decoder_xml.go:80.42,87.13 6 1
github.com/mikefarah/yq/v4/pkg/yqlib/decoder_xml.go:87.13,91.4 2 1
github.com/mikefarah/yq/v4/pkg/yqlib/decoder_xml.go:92.3,96.24 4 1
github.com/mikefarah/yq/v4/pkg/yqlib/decoder_xml.go:96.24,98.18 2 1
github.com/mikefarah/yq/v4/pkg/yqlib/decoder_xml.go:98.18,100.5 1 0
github.com/mikefarah/yq/v4/pkg/yqlib/decoder_xml.go:101.9,105.71 1 1
github.com/mikefarah/yq/v4/pkg/yqlib/decoder_xml.go:105.71,106.34 1 1
github.com/mikefarah/yq/v4/pkg/yqlib/decoder_xml.go:106.34,111.6 3 1
github.com/mikefarah/yq/v4/pkg/yqlib/decoder_xml.go:111.11,115.6 2 1
github.com/mikefarah/yq/v4/pkg/yqlib/decoder_xml.go:117.4,118.18 2 1
github.com/mikefarah/yq/v4/pkg/yqlib/decoder_xml.go:118.18,120.5 1 0
github.com/mikefarah/yq/v4/pkg/yqlib/decoder_xml.go:122.3,122.50 1 1
github.com/mikefarah/yq/v4/pkg/yqlib/decoder_xml.go:125.2,125.22 1 1
github.com/mikefarah/yq/v4/pkg/yqlib/decoder_xml.go:128.80,129.21 1 1
github.com/mikefarah/yq/v4/pkg/yqlib/decoder_xml.go:130.9,131.35 1 1
github.com/mikefarah/yq/v4/pkg/yqlib/decoder_xml.go:132.9,133.48 1 1
github.com/mikefarah/yq/v4/pkg/yqlib/decoder_xml.go:134.10,136.32 2 1
github.com/mikefarah/yq/v4/pkg/yqlib/decoder_xml.go:136.32,138.4 1 1
github.com/mikefarah/yq/v4/pkg/yqlib/decoder_xml.go:139.3,143.4 1 1
github.com/mikefarah/yq/v4/pkg/yqlib/decoder_xml.go:147.78,148.25 1 1
github.com/mikefarah/yq/v4/pkg/yqlib/decoder_xml.go:148.25,150.3 1 1
github.com/mikefarah/yq/v4/pkg/yqlib/decoder_xml.go:152.2,157.27 5 1
github.com/mikefarah/yq/v4/pkg/yqlib/decoder_xml.go:157.27,160.3 2 1
github.com/mikefarah/yq/v4/pkg/yqlib/decoder_xml.go:162.2,164.20 2 1
github.com/mikefarah/yq/v4/pkg/yqlib/decoder_xml.go:167.57,168.18 1 1
github.com/mikefarah/yq/v4/pkg/yqlib/decoder_xml.go:168.18,170.3 1 1
github.com/mikefarah/yq/v4/pkg/yqlib/decoder_xml.go:171.2,175.16 3 1
github.com/mikefarah/yq/v4/pkg/yqlib/decoder_xml.go:175.16,177.3 1 1
github.com/mikefarah/yq/v4/pkg/yqlib/decoder_xml.go:178.2,180.16 2 1
github.com/mikefarah/yq/v4/pkg/yqlib/decoder_xml.go:180.16,182.3 1 0
github.com/mikefarah/yq/v4/pkg/yqlib/decoder_xml.go:182.8,182.38 1 1
github.com/mikefarah/yq/v4/pkg/yqlib/decoder_xml.go:182.38,184.23 2 1
github.com/mikefarah/yq/v4/pkg/yqlib/decoder_xml.go:184.23,186.4 1 0
github.com/mikefarah/yq/v4/pkg/yqlib/decoder_xml.go:188.2,191.23 3 1
github.com/mikefarah/yq/v4/pkg/yqlib/decoder_xml.go:209.50,211.23 1 1
github.com/mikefarah/yq/v4/pkg/yqlib/decoder_xml.go:211.23,213.3 1 1
github.com/mikefarah/yq/v4/pkg/yqlib/decoder_xml.go:214.2,216.40 2 1
github.com/mikefarah/yq/v4/pkg/yqlib/decoder_xml.go:216.40,217.24 1 1
github.com/mikefarah/yq/v4/pkg/yqlib/decoder_xml.go:217.24,222.4 4 1
github.com/mikefarah/yq/v4/pkg/yqlib/decoder_xml.go:224.2,225.73 2 1
github.com/mikefarah/yq/v4/pkg/yqlib/decoder_xml.go:238.55,252.40 6 1
github.com/mikefarah/yq/v4/pkg/yqlib/decoder_xml.go:252.40,253.28 1 1
github.com/mikefarah/yq/v4/pkg/yqlib/decoder_xml.go:253.28,255.4 1 1
github.com/mikefarah/yq/v4/pkg/yqlib/decoder_xml.go:256.3,256.24 1 1
github.com/mikefarah/yq/v4/pkg/yqlib/decoder_xml.go:259.2,259.6 1 1
github.com/mikefarah/yq/v4/pkg/yqlib/decoder_xml.go:259.6,261.40 2 1
github.com/mikefarah/yq/v4/pkg/yqlib/decoder_xml.go:261.40,263.4 1 0
github.com/mikefarah/yq/v4/pkg/yqlib/decoder_xml.go:264.3,264.15 1 1
github.com/mikefarah/yq/v4/pkg/yqlib/decoder_xml.go:264.15,265.9 1 1
github.com/mikefarah/yq/v4/pkg/yqlib/decoder_xml.go:268.3,268.25 1 1
github.com/mikefarah/yq/v4/pkg/yqlib/decoder_xml.go:269.25,280.30 4 1
github.com/mikefarah/yq/v4/pkg/yqlib/decoder_xml.go:280.30,281.32 1 1
github.com/mikefarah/yq/v4/pkg/yqlib/decoder_xml.go:281.32,282.28 1 1
github.com/mikefarah/yq/v4/pkg/yqlib/decoder_xml.go:282.28,284.7 1 1
github.com/mikefarah/yq/v4/pkg/yqlib/decoder_xml.go:286.5,286.95 1 1
github.com/mikefarah/yq/v4/pkg/yqlib/decoder_xml.go:288.21,292.35 2 1
github.com/mikefarah/yq/v4/pkg/yqlib/decoder_xml.go:292.35,294.5 1 1
github.com/mikefarah/yq/v4/pkg/yqlib/decoder_xml.go:296.4,296.23 1 1
github.com/mikefarah/yq/v4/pkg/yqlib/decoder_xml.go:296.23,300.5 3 1
github.com/mikefarah/yq/v4/pkg/yqlib/decoder_xml.go:301.23,305.26 3 1
github.com/mikefarah/yq/v4/pkg/yqlib/decoder_xml.go:305.26,307.5 1 1
github.com/mikefarah/yq/v4/pkg/yqlib/decoder_xml.go:310.4,310.22 1 1
github.com/mikefarah/yq/v4/pkg/yqlib/decoder_xml.go:311.20,314.31 2 1
github.com/mikefarah/yq/v4/pkg/yqlib/decoder_xml.go:314.31,317.5 1 1
github.com/mikefarah/yq/v4/pkg/yqlib/decoder_xml.go:317.10,317.39 1 1
github.com/mikefarah/yq/v4/pkg/yqlib/decoder_xml.go:317.39,320.5 2 1
github.com/mikefarah/yq/v4/pkg/yqlib/decoder_xml.go:320.10,323.5 2 1
github.com/mikefarah/yq/v4/pkg/yqlib/decoder_xml.go:325.21,326.31 1 1
github.com/mikefarah/yq/v4/pkg/yqlib/decoder_xml.go:326.31,328.5 1 1
github.com/mikefarah/yq/v4/pkg/yqlib/decoder_xml.go:329.22,330.33 1 1
github.com/mikefarah/yq/v4/pkg/yqlib/decoder_xml.go:330.33,332.5 1 1
github.com/mikefarah/yq/v4/pkg/yqlib/decoder_xml.go:334.3,334.17 1 1
github.com/mikefarah/yq/v4/pkg/yqlib/decoder_xml.go:337.2,337.12 1 1
github.com/mikefarah/yq/v4/pkg/yqlib/decoder_xml.go:340.57,343.30 1 1
github.com/mikefarah/yq/v4/pkg/yqlib/decoder_xml.go:343.30,348.60 4 1
github.com/mikefarah/yq/v4/pkg/yqlib/decoder_xml.go:348.60,351.4 2 1
github.com/mikefarah/yq/v4/pkg/yqlib/decoder_xml.go:351.9,353.4 1 1
github.com/mikefarah/yq/v4/pkg/yqlib/decoder_xml.go:354.8,357.3 2 0
github.com/mikefarah/yq/v4/pkg/yqlib/decoder_xml.go:360.63,362.33 2 1
github.com/mikefarah/yq/v4/pkg/yqlib/decoder_xml.go:362.33,363.16 1 1
github.com/mikefarah/yq/v4/pkg/yqlib/decoder_xml.go:363.16,365.4 1 1
github.com/mikefarah/yq/v4/pkg/yqlib/decoder_xml.go:367.2,367.45 1 1
github.com/mikefarah/yq/v4/pkg/yqlib/decoder_xml.go:376.38,377.13 1 1
github.com/mikefarah/yq/v4/pkg/yqlib/decoder_xml.go:377.13,379.3 1 0
github.com/mikefarah/yq/v4/pkg/yqlib/decoder_xml.go:381.2,383.30 3 1
github.com/mikefarah/yq/v4/pkg/yqlib/decoder_xml.go:383.30,384.50 1 1
github.com/mikefarah/yq/v4/pkg/yqlib/decoder_xml.go:384.50,385.12 1 1
github.com/mikefarah/yq/v4/pkg/yqlib/decoder_xml.go:388.3,388.19 1 1
github.com/mikefarah/yq/v4/pkg/yqlib/decoder_xml.go:388.19,392.4 3 1
github.com/mikefarah/yq/v4/pkg/yqlib/decoder_xml.go:392.9,394.4 1 1
github.com/mikefarah/yq/v4/pkg/yqlib/decoder_xml.go:398.2,398.18 1 1
github.com/mikefarah/yq/v4/pkg/yqlib/decoder_xml.go:398.18,400.3 1 1
github.com/mikefarah/yq/v4/pkg/yqlib/decoder_xml.go:402.2,402.43 1 1
github.com/mikefarah/yq/v4/pkg/yqlib/decoder_yaml.go:28.52,30.2 1 1
github.com/mikefarah/yq/v4/pkg/yqlib/decoder_yaml.go:32.92,36.6 4 1
github.com/mikefarah/yq/v4/pkg/yqlib/decoder_yaml.go:36.6,38.29 2 1
github.com/mikefarah/yq/v4/pkg/yqlib/decoder_yaml.go:38.29,41.4 1 1
github.com/mikefarah/yq/v4/pkg/yqlib/decoder_yaml.go:41.9,41.24 1 1
github.com/mikefarah/yq/v4/pkg/yqlib/decoder_yaml.go:41.24,43.4 1 0
github.com/mikefarah/yq/v4/pkg/yqlib/decoder_yaml.go:43.9,43.42 1 1
github.com/mikefarah/yq/v4/pkg/yqlib/decoder_yaml.go:43.42,46.30 3 1
github.com/mikefarah/yq/v4/pkg/yqlib/decoder_yaml.go:46.30,48.5 1 0
github.com/mikefarah/yq/v4/pkg/yqlib/decoder_yaml.go:48.10,48.25 1 1
github.com/mikefarah/yq/v4/pkg/yqlib/decoder_yaml.go:48.25,50.5 1 0
github.com/mikefarah/yq/v4/pkg/yqlib/decoder_yaml.go:51.9,51.40 1 1
github.com/mikefarah/yq/v4/pkg/yqlib/decoder_yaml.go:51.40,54.30 3 1
github.com/mikefarah/yq/v4/pkg/yqlib/decoder_yaml.go:54.30,56.5 1 0
github.com/mikefarah/yq/v4/pkg/yqlib/decoder_yaml.go:56.10,56.25 1 1
github.com/mikefarah/yq/v4/pkg/yqlib/decoder_yaml.go:56.25,58.5 1 0
github.com/mikefarah/yq/v4/pkg/yqlib/decoder_yaml.go:59.9,59.118 1 1
github.com/mikefarah/yq/v4/pkg/yqlib/decoder_yaml.go:59.118,62.30 3 1
github.com/mikefarah/yq/v4/pkg/yqlib/decoder_yaml.go:62.30,64.5 1 1
github.com/mikefarah/yq/v4/pkg/yqlib/decoder_yaml.go:64.10,64.25 1 1
github.com/mikefarah/yq/v4/pkg/yqlib/decoder_yaml.go:64.25,66.5 1 0
github.com/mikefarah/yq/v4/pkg/yqlib/decoder_yaml.go:67.9,69.4 1 1
github.com/mikefarah/yq/v4/pkg/yqlib/decoder_yaml.go:73.54,81.93 5 1
github.com/mikefarah/yq/v4/pkg/yqlib/decoder_yaml.go:81.93,83.17 2 1
github.com/mikefarah/yq/v4/pkg/yqlib/decoder_yaml.go:83.17,85.4 1 0
github.com/mikefarah/yq/v4/pkg/yqlib/decoder_yaml.go:86.8,86.51 1 1
github.com/mikefarah/yq/v4/pkg/yqlib/decoder_yaml.go:86.51,92.3 1 1
github.com/mikefarah/yq/v4/pkg/yqlib/decoder_yaml.go:93.2,98.12 6 1
github.com/mikefarah/yq/v4/pkg/yqlib/decoder_yaml.go:101.58,105.77 3 1
github.com/mikefarah/yq/v4/pkg/yqlib/decoder_yaml.go:105.77,109.3 2 1
github.com/mikefarah/yq/v4/pkg/yqlib/decoder_yaml.go:109.8,109.98 1 1
github.com/mikefarah/yq/v4/pkg/yqlib/decoder_yaml.go:109.98,114.31 3 1
github.com/mikefarah/yq/v4/pkg/yqlib/decoder_yaml.go:114.31,116.4 1 1
github.com/mikefarah/yq/v4/pkg/yqlib/decoder_yaml.go:117.3,117.18 1 1
github.com/mikefarah/yq/v4/pkg/yqlib/decoder_yaml.go:118.8,118.23 1 1
github.com/mikefarah/yq/v4/pkg/yqlib/decoder_yaml.go:118.23,120.3 1 1
github.com/mikefarah/yq/v4/pkg/yqlib/decoder_yaml.go:122.2,125.16 3 1
github.com/mikefarah/yq/v4/pkg/yqlib/decoder_yaml.go:125.16,127.3 1 0
github.com/mikefarah/yq/v4/pkg/yqlib/decoder_yaml.go:129.2,132.30 3 1
github.com/mikefarah/yq/v4/pkg/yqlib/decoder_yaml.go:132.30,135.3 2 1
github.com/mikefarah/yq/v4/pkg/yqlib/decoder_yaml.go:136.2,138.28 3 1
github.com/mikefarah/yq/v4/pkg/yqlib/decoder_yaml.go:141.63,145.2 3 1
github.com/mikefarah/yq/v4/pkg/yqlib/encoder.go:14.44,16.30 1 1
github.com/mikefarah/yq/v4/pkg/yqlib/encoder.go:16.30,17.42 1 1
github.com/mikefarah/yq/v4/pkg/yqlib/encoder.go:17.42,18.20 1 1
github.com/mikefarah/yq/v4/pkg/yqlib/encoder.go:18.20,20.5 1 1
github.com/mikefarah/yq/v4/pkg/yqlib/encoder.go:24.2,24.37 1 1
github.com/mikefarah/yq/v4/pkg/yqlib/encoder.go:24.37,26.3 1 1
github.com/mikefarah/yq/v4/pkg/yqlib/encoder_base64.go:13.33,15.2 1 1
github.com/mikefarah/yq/v4/pkg/yqlib/encoder_base64.go:17.49,19.2 1 1
github.com/mikefarah/yq/v4/pkg/yqlib/encoder_base64.go:21.72,23.2 1 0
github.com/mikefarah/yq/v4/pkg/yqlib/encoder_base64.go:25.85,27.2 1 1
github.com/mikefarah/yq/v4/pkg/yqlib/encoder_base64.go:29.85,31.46 2 1
github.com/mikefarah/yq/v4/pkg/yqlib/encoder_base64.go:31.46,33.3 1 0
github.com/mikefarah/yq/v4/pkg/yqlib/encoder_base64.go:34.2,35.12 2 1
github.com/mikefarah/yq/v4/pkg/yqlib/encoder_csv.go:13.44,15.2 1 1
github.com/mikefarah/yq/v4/pkg/yqlib/encoder_csv.go:17.46,19.2 1 1
github.com/mikefarah/yq/v4/pkg/yqlib/encoder_csv.go:21.69,23.2 1 0
github.com/mikefarah/yq/v4/pkg/yqlib/encoder_csv.go:25.82,27.2 1 1
github.com/mikefarah/yq/v4/pkg/yqlib/encoder_csv.go:29.88,32.33 2 1
github.com/mikefarah/yq/v4/pkg/yqlib/encoder_csv.go:32.33,34.31 1 1
github.com/mikefarah/yq/v4/pkg/yqlib/encoder_csv.go:34.31,36.4 1 0
github.com/mikefarah/yq/v4/pkg/yqlib/encoder_csv.go:37.3,37.32 1 1
github.com/mikefarah/yq/v4/pkg/yqlib/encoder_csv.go:39.2,39.38 1 1
github.com/mikefarah/yq/v4/pkg/yqlib/encoder_csv.go:42.90,43.32 1 1
github.com/mikefarah/yq/v4/pkg/yqlib/encoder_csv.go:43.32,45.33 1 1
github.com/mikefarah/yq/v4/pkg/yqlib/encoder_csv.go:45.33,47.4 1 0
github.com/mikefarah/yq/v4/pkg/yqlib/encoder_csv.go:48.3,49.17 2 1
github.com/mikefarah/yq/v4/pkg/yqlib/encoder_csv.go:49.17,51.4 1 0
github.com/mikefarah/yq/v4/pkg/yqlib/encoder_csv.go:53.2,53.12 1 1
github.com/mikefarah/yq/v4/pkg/yqlib/encoder_csv.go:56.84,57.31 1 1
github.com/mikefarah/yq/v4/pkg/yqlib/encoder_csv.go:57.31,59.3 1 0
github.com/mikefarah/yq/v4/pkg/yqlib/encoder_csv.go:60.2,61.29 2 1
github.com/mikefarah/yq/v4/pkg/yqlib/encoder_csv.go:64.102,66.33 2 1
github.com/mikefarah/yq/v4/pkg/yqlib/encoder_csv.go:66.33,69.21 3 1
github.com/mikefarah/yq/v4/pkg/yqlib/encoder_csv.go:69.21,71.4 1 1
github.com/mikefarah/yq/v4/pkg/yqlib/encoder_csv.go:72.3,72.37 1 1
github.com/mikefarah/yq/v4/pkg/yqlib/encoder_csv.go:74.2,74.17 1 1
github.com/mikefarah/yq/v4/pkg/yqlib/encoder_csv.go:78.91,80.16 2 1
github.com/mikefarah/yq/v4/pkg/yqlib/encoder_csv.go:80.16,82.3 1 0
github.com/mikefarah/yq/v4/pkg/yqlib/encoder_csv.go:84.2,85.16 2 1
github.com/mikefarah/yq/v4/pkg/yqlib/encoder_csv.go:85.16,87.3 1 0
github.com/mikefarah/yq/v4/pkg/yqlib/encoder_csv.go:89.2,89.32 1 1
github.com/mikefarah/yq/v4/pkg/yqlib/encoder_csv.go:89.32,90.32 1 1
github.com/mikefarah/yq/v4/pkg/yqlib/encoder_csv.go:90.32,92.4 1 0
github.com/mikefarah/yq/v4/pkg/yqlib/encoder_csv.go:93.3,95.17 3 1
github.com/mikefarah/yq/v4/pkg/yqlib/encoder_csv.go:95.17,97.4 1 0
github.com/mikefarah/yq/v4/pkg/yqlib/encoder_csv.go:100.2,100.12 1 1
github.com/mikefarah/yq/v4/pkg/yqlib/encoder_csv.go:103.82,104.37 1 1
github.com/mikefarah/yq/v4/pkg/yqlib/encoder_csv.go:104.37,106.3 1 1
github.com/mikefarah/yq/v4/pkg/yqlib/encoder_csv.go:108.2,113.31 4 1
github.com/mikefarah/yq/v4/pkg/yqlib/encoder_csv.go:113.31,115.3 1 0
github.com/mikefarah/yq/v4/pkg/yqlib/encoder_csv.go:115.8,115.35 1 1
github.com/mikefarah/yq/v4/pkg/yqlib/encoder_csv.go:115.35,117.3 1 1
github.com/mikefarah/yq/v4/pkg/yqlib/encoder_csv.go:118.2,118.40 1 1
github.com/mikefarah/yq/v4/pkg/yqlib/encoder_csv.go:118.40,120.3 1 1
github.com/mikefarah/yq/v4/pkg/yqlib/encoder_csv.go:122.2,122.41 1 1
github.com/mikefarah/yq/v4/pkg/yqlib/encoder_csv.go:122.41,124.3 1 1
github.com/mikefarah/yq/v4/pkg/yqlib/encoder_csv.go:126.2,126.48 1 1
github.com/mikefarah/yq/v4/pkg/yqlib/encoder_json.go:18.75,21.42 2 1
github.com/mikefarah/yq/v4/pkg/yqlib/encoder_json.go:21.42,23.3 1 1
github.com/mikefarah/yq/v4/pkg/yqlib/encoder_json.go:25.2,25.59 1 1
github.com/mikefarah/yq/v4/pkg/yqlib/encoder_json.go:28.48,30.2 1 1
github.com/mikefarah/yq/v4/pkg/yqlib/encoder_json.go:32.71,34.2 1 1
github.com/mikefarah/yq/v4/pkg/yqlib/encoder_json.go:36.84,38.2 1 1
github.com/mikefarah/yq/v4/pkg/yqlib/encoder_json.go:40.76,44.48 3 1
github.com/mikefarah/yq/v4/pkg/yqlib/encoder_json.go:44.48,46.3 1 0
github.com/mikefarah/yq/v4/pkg/yqlib/encoder_json.go:48.2,50.17 3 1
github.com/mikefarah/yq/v4/pkg/yqlib/encoder_json.go:50.17,52.3 1 0
github.com/mikefarah/yq/v4/pkg/yqlib/encoder_json.go:54.2,59.16 5 1
github.com/mikefarah/yq/v4/pkg/yqlib/encoder_json.go:59.16,61.3 1 0
github.com/mikefarah/yq/v4/pkg/yqlib/encoder_json.go:62.2,62.17 1 1
github.com/mikefarah/yq/v4/pkg/yqlib/encoder_json.go:62.17,64.3 1 0
github.com/mikefarah/yq/v4/pkg/yqlib/encoder_json.go:65.2,65.12 1 1
github.com/mikefarah/yq/v4/pkg/yqlib/encoder_properties.go:17.54,21.2 1 1
github.com/mikefarah/yq/v4/pkg/yqlib/encoder_properties.go:23.54,25.2 1 1
github.com/mikefarah/yq/v4/pkg/yqlib/encoder_properties.go:27.77,29.2 1 0
github.com/mikefarah/yq/v4/pkg/yqlib/encoder_properties.go:31.90,33.6 2 1
github.com/mikefarah/yq/v4/pkg/yqlib/encoder_properties.go:33.6,36.58 2 1
github.com/mikefarah/yq/v4/pkg/yqlib/encoder_properties.go:36.58,38.4 1 0
github.com/mikefarah/yq/v4/pkg/yqlib/encoder_properties.go:39.3,39.53 1 1
github.com/mikefarah/yq/v4/pkg/yqlib/encoder_properties.go:39.53,41.60 1 0
github.com/mikefarah/yq/v4/pkg/yqlib/encoder_properties.go:41.60,43.5 1 0
github.com/mikefarah/yq/v4/pkg/yqlib/encoder_properties.go:45.9,46.56 1 1
github.com/mikefarah/yq/v4/pkg/yqlib/encoder_properties.go:46.56,48.5 1 0
github.com/mikefarah/yq/v4/pkg/yqlib/encoder_properties.go:51.3,51.36 1 1
github.com/mikefarah/yq/v4/pkg/yqlib/encoder_properties.go:51.36,52.22 1 1
github.com/mikefarah/yq/v4/pkg/yqlib/encoder_properties.go:52.22,54.53 1 0
github.com/mikefarah/yq/v4/pkg/yqlib/encoder_properties.go:54.53,56.6 1 0
github.com/mikefarah/yq/v4/pkg/yqlib/encoder_properties.go:58.4,58.9 1 1
github.com/mikefarah/yq/v4/pkg/yqlib/encoder_properties.go:61.2,61.12 1 1
github.com/mikefarah/yq/v4/pkg/yqlib/encoder_properties.go:64.82,66.29 1 1
github.com/mikefarah/yq/v4/pkg/yqlib/encoder_properties.go:66.29,68.3 1 1
github.com/mikefarah/yq/v4/pkg/yqlib/encoder_properties.go:70.2,73.16 4 1
github.com/mikefarah/yq/v4/pkg/yqlib/encoder_properties.go:73.16,75.3 1 0
github.com/mikefarah/yq/v4/pkg/yqlib/encoder_properties.go:77.2,78.12 2 1
github.com/mikefarah/yq/v4/pkg/yqlib/encoder_properties.go:81.129,84.20 2 1
github.com/mikefarah/yq/v4/pkg/yqlib/encoder_properties.go:84.20,87.3 1 1
github.com/mikefarah/yq/v4/pkg/yqlib/encoder_properties.go:88.2,92.19 4 1
github.com/mikefarah/yq/v4/pkg/yqlib/encoder_properties.go:93.18,95.60 2 1
github.com/mikefarah/yq/v4/pkg/yqlib/encoder_properties.go:95.60,97.4 1 1
github.com/mikefarah/yq/v4/pkg/yqlib/encoder_properties.go:97.9,99.4 1 1
github.com/mikefarah/yq/v4/pkg/yqlib/encoder_properties.go:100.3,101.13 2 1
github.com/mikefarah/yq/v4/pkg/yqlib/encoder_properties.go:102.20,103.47 1 1
github.com/mikefarah/yq/v4/pkg/yqlib/encoder_properties.go:104.19,105.45 1 1
github.com/mikefarah/yq/v4/pkg/yqlib/encoder_properties.go:106.17,107.47 1 0
github.com/mikefarah/yq/v4/pkg/yqlib/encoder_properties.go:108.10,109.53 1 0
github.com/mikefarah/yq/v4/pkg/yqlib/encoder_properties.go:113.78,114.16 1 1
github.com/mikefarah/yq/v4/pkg/yqlib/encoder_properties.go:114.16,116.3 1 1
github.com/mikefarah/yq/v4/pkg/yqlib/encoder_properties.go:117.2,117.40 1 1
github.com/mikefarah/yq/v4/pkg/yqlib/encoder_properties.go:120.110,121.33 1 1
github.com/mikefarah/yq/v4/pkg/yqlib/encoder_properties.go:121.33,123.17 2 1
github.com/mikefarah/yq/v4/pkg/yqlib/encoder_properties.go:123.17,125.4 1 0
github.com/mikefarah/yq/v4/pkg/yqlib/encoder_properties.go:127.2,127.12 1 1
github.com/mikefarah/yq/v4/pkg/yqlib/encoder_properties.go:130.108,131.55 1 1
github.com/mikefarah/yq/v4/pkg/yqlib/encoder_properties.go:131.55,135.17 4 1
github.com/mikefarah/yq/v4/pkg/yqlib/encoder_properties.go:135.17,137.4 1 0
github.com/mikefarah/yq/v4/pkg/yqlib/encoder_properties.go:139.2,139.12 1 1
github.com/mikefarah/yq/v4/pkg/yqlib/encoder_sh.go:16.29,18.2 1 1
github.com/mikefarah/yq/v4/pkg/yqlib/encoder_sh.go:20.45,22.2 1 1
github.com/mikefarah/yq/v4/pkg/yqlib/encoder_sh.go:24.68,26.2 1 0
github.com/mikefarah/yq/v4/pkg/yqlib/encoder_sh.go:28.81,30.2 1 1
github.com/mikefarah/yq/v4/pkg/yqlib/encoder_sh.go:32.81,34.46 2 1
github.com/mikefarah/yq/v4/pkg/yqlib/encoder_sh.go:34.46,36.3 1 0
github.com/mikefarah/yq/v4/pkg/yqlib/encoder_sh.go:38.2,38.58 1 1
github.com/mikefarah/yq/v4/pkg/yqlib/encoder_sh.go:42.49,48.27 5 1
github.com/mikefarah/yq/v4/pkg/yqlib/encoder_sh.go:48.27,50.18 1 1
github.com/mikefarah/yq/v4/pkg/yqlib/encoder_sh.go:50.18,51.20 1 1
github.com/mikefarah/yq/v4/pkg/yqlib/encoder_sh.go:51.20,55.5 2 1
github.com/mikefarah/yq/v4/pkg/yqlib/encoder_sh.go:57.4,57.27 1 1
github.com/mikefarah/yq/v4/pkg/yqlib/encoder_sh.go:58.9,59.42 1 1
github.com/mikefarah/yq/v4/pkg/yqlib/encoder_sh.go:59.42,63.5 2 1
github.com/mikefarah/yq/v4/pkg/yqlib/encoder_sh.go:66.3,66.24 1 1
github.com/mikefarah/yq/v4/pkg/yqlib/encoder_sh.go:69.2,69.18 1 1
github.com/mikefarah/yq/v4/pkg/yqlib/encoder_sh.go:69.18,71.3 1 0
github.com/mikefarah/yq/v4/pkg/yqlib/encoder_sh.go:72.2,72.25 1 1
github.com/mikefarah/yq/v4/pkg/yqlib/encoder_sh.go:75.47,77.2 1 1
github.com/mikefarah/yq/v4/pkg/yqlib/encoder_shellvariables.go:15.41,17.2 1 1
github.com/mikefarah/yq/v4/pkg/yqlib/encoder_shellvariables.go:19.58,21.2 1 1
github.com/mikefarah/yq/v4/pkg/yqlib/encoder_shellvariables.go:23.76,25.2 1 0
github.com/mikefarah/yq/v4/pkg/yqlib/encoder_shellvariables.go:27.83,29.2 1 1
github.com/mikefarah/yq/v4/pkg/yqlib/encoder_shellvariables.go:31.86,35.16 3 1
github.com/mikefarah/yq/v4/pkg/yqlib/encoder_shellvariables.go:35.16,37.3 1 0
github.com/mikefarah/yq/v4/pkg/yqlib/encoder_shellvariables.go:39.2,39.12 1 1
github.com/mikefarah/yq/v4/pkg/yqlib/encoder_shellvariables.go:42.97,46.19 1 1
github.com/mikefarah/yq/v4/pkg/yqlib/encoder_shellvariables.go:47.18,49.17 2 1
github.com/mikefarah/yq/v4/pkg/yqlib/encoder_shellvariables.go:49.17,54.4 1 1
github.com/mikefarah/yq/v4/pkg/yqlib/encoder_shellvariables.go:55.3,56.13 2 1
github.com/mikefarah/yq/v4/pkg/yqlib/encoder_shellvariables.go:57.20,58.42 1 1
github.com/mikefarah/yq/v4/pkg/yqlib/encoder_shellvariables.go:58.42,60.18 2 1
github.com/mikefarah/yq/v4/pkg/yqlib/encoder_shellvariables.go:60.18,62.5 1 0
github.com/mikefarah/yq/v4/pkg/yqlib/encoder_shellvariables.go:64.3,64.13 1 1
github.com/mikefarah/yq/v4/pkg/yqlib/encoder_shellvariables.go:65.19,66.64 1 1
github.com/mikefarah/yq/v4/pkg/yqlib/encoder_shellvariables.go:66.64,70.18 4 1
github.com/mikefarah/yq/v4/pkg/yqlib/encoder_shellvariables.go:70.18,72.5 1 0
github.com/mikefarah/yq/v4/pkg/yqlib/encoder_shellvariables.go:74.3,74.13 1 1
github.com/mikefarah/yq/v4/pkg/yqlib/encoder_shellvariables.go:75.17,76.42 1 0
github.com/mikefarah/yq/v4/pkg/yqlib/encoder_shellvariables.go:77.10,78.53 1 0
github.com/mikefarah/yq/v4/pkg/yqlib/encoder_shellvariables.go:82.63,111.39 1 1
github.com/mikefarah/yq/v4/pkg/yqlib/encoder_shellvariables.go:111.39,112.36 1 1
github.com/mikefarah/yq/v4/pkg/yqlib/encoder_shellvariables.go:112.36,114.4 1 1
github.com/mikefarah/yq/v4/pkg/yqlib/encoder_shellvariables.go:114.9,114.31 1 1
github.com/mikefarah/yq/v4/pkg/yqlib/encoder_shellvariables.go:114.31,116.4 1 1
github.com/mikefarah/yq/v4/pkg/yqlib/encoder_shellvariables.go:117.3,117.13 1 1
github.com/mikefarah/yq/v4/pkg/yqlib/encoder_shellvariables.go:120.2,120.22 1 1
github.com/mikefarah/yq/v4/pkg/yqlib/encoder_shellvariables.go:120.22,122.38 2 1
github.com/mikefarah/yq/v4/pkg/yqlib/encoder_shellvariables.go:122.38,124.4 1 1
github.com/mikefarah/yq/v4/pkg/yqlib/encoder_shellvariables.go:125.3,125.13 1 1
github.com/mikefarah/yq/v4/pkg/yqlib/encoder_shellvariables.go:127.2,127.31 1 1
github.com/mikefarah/yq/v4/pkg/yqlib/encoder_shellvariables.go:130.38,132.26 2 1
github.com/mikefarah/yq/v4/pkg/yqlib/encoder_shellvariables.go:132.26,133.37 1 1
github.com/mikefarah/yq/v4/pkg/yqlib/encoder_shellvariables.go:133.37,135.9 2 1
github.com/mikefarah/yq/v4/pkg/yqlib/encoder_shellvariables.go:138.2,138.18 1 1
github.com/mikefarah/yq/v4/pkg/yqlib/encoder_shellvariables.go:138.18,140.3 1 1
github.com/mikefarah/yq/v4/pkg/yqlib/encoder_shellvariables.go:141.2,141.14 1 1
github.com/mikefarah/yq/v4/pkg/yqlib/encoder_shellvariables.go:144.39,146.2 1 1
github.com/mikefarah/yq/v4/pkg/yqlib/encoder_shellvariables.go:148.46,150.2 1 1
github.com/mikefarah/yq/v4/pkg/yqlib/encoder_toml.go:11.31,13.2 1 1
github.com/mikefarah/yq/v4/pkg/yqlib/encoder_toml.go:15.76,16.29 1 1
github.com/mikefarah/yq/v4/pkg/yqlib/encoder_toml.go:16.29,18.3 1 1
github.com/mikefarah/yq/v4/pkg/yqlib/encoder_toml.go:19.2,19.195 1 0
github.com/mikefarah/yq/v4/pkg/yqlib/encoder_toml.go:22.71,24.2 1 0
github.com/mikefarah/yq/v4/pkg/yqlib/encoder_toml.go:26.84,28.2 1 1
github.com/mikefarah/yq/v4/pkg/yqlib/encoder_toml.go:30.48,32.2 1 1
github.com/mikefarah/yq/v4/pkg/yqlib/encoder_uri.go:12.30,14.2 1 1
github.com/mikefarah/yq/v4/pkg/yqlib/encoder_uri.go:16.46,18.2 1 1
github.com/mikefarah/yq/v4/pkg/yqlib/encoder_uri.go:20.69,22.2 1 0
github.com/mikefarah/yq/v4/pkg/yqlib/encoder_uri.go:24.82,26.2 1 1
github.com/mikefarah/yq/v4/pkg/yqlib/encoder_uri.go:28.82,30.46 2 1
github.com/mikefarah/yq/v4/pkg/yqlib/encoder_uri.go:30.46,32.3 1 0
github.com/mikefarah/yq/v4/pkg/yqlib/encoder_uri.go:33.2,34.12 2 1
github.com/mikefarah/yq/v4/pkg/yqlib/encoder_xml.go:20.62,23.42 2 1
github.com/mikefarah/yq/v4/pkg/yqlib/encoder_xml.go:23.42,25.3 1 1
github.com/mikefarah/yq/v4/pkg/yqlib/encoder_xml.go:26.2,26.50 1 1
github.com/mikefarah/yq/v4/pkg/yqlib/encoder_xml.go:29.46,31.2 1 1
github.com/mikefarah/yq/v4/pkg/yqlib/encoder_xml.go:33.69,35.2 1 0
github.com/mikefarah/yq/v4/pkg/yqlib/encoder_xml.go:37.82,40.2 2 1
github.com/mikefarah/yq/v4/pkg/yqlib/encoder_xml.go:42.74,50.28 6 1
github.com/mikefarah/yq/v4/pkg/yqlib/encoder_xml.go:50.28,52.48 1 1
github.com/mikefarah/yq/v4/pkg/yqlib/encoder_xml.go:52.48,56.53 3 1
github.com/mikefarah/yq/v4/pkg/yqlib/encoder_xml.go:56.53,59.57 3 1
github.com/mikefarah/yq/v4/pkg/yqlib/encoder_xml.go:59.57,61.6 1 0
github.com/mikefarah/yq/v4/pkg/yqlib/encoder_xml.go:62.5,62.59 1 1
github.com/mikefarah/yq/v4/pkg/yqlib/encoder_xml.go:62.59,64.6 1 0
github.com/mikefarah/yq/v4/pkg/yqlib/encoder_xml.go:69.2,69.28 1 1
github.com/mikefarah/yq/v4/pkg/yqlib/encoder_xml.go:69.28,73.17 2 1
github.com/mikefarah/yq/v4/pkg/yqlib/encoder_xml.go:73.17,75.4 1 0
github.com/mikefarah/yq/v4/pkg/yqlib/encoder_xml.go:76.3,77.17 2 1
github.com/mikefarah/yq/v4/pkg/yqlib/encoder_xml.go:77.17,79.4 1 0
github.com/mikefarah/yq/v4/pkg/yqlib/encoder_xml.go:82.2,82.19 1 1
github.com/mikefarah/yq/v4/pkg/yqlib/encoder_xml.go:83.19,85.17 2 1
github.com/mikefarah/yq/v4/pkg/yqlib/encoder_xml.go:85.17,87.4 1 0
github.com/mikefarah/yq/v4/pkg/yqlib/encoder_xml.go:88.18,91.17 3 1
github.com/mikefarah/yq/v4/pkg/yqlib/encoder_xml.go:91.17,93.4 1 0
github.com/mikefarah/yq/v4/pkg/yqlib/encoder_xml.go:94.3,94.25 1 1
github.com/mikefarah/yq/v4/pkg/yqlib/encoder_xml.go:95.10,96.84 1 1
github.com/mikefarah/yq/v4/pkg/yqlib/encoder_xml.go:99.2,99.37 1 1
github.com/mikefarah/yq/v4/pkg/yqlib/encoder_xml.go:103.89,105.16 2 1
github.com/mikefarah/yq/v4/pkg/yqlib/encoder_xml.go:105.16,107.3 1 0
github.com/mikefarah/yq/v4/pkg/yqlib/encoder_xml.go:108.2,108.44 1 1
github.com/mikefarah/yq/v4/pkg/yqlib/encoder_xml.go:108.44,115.17 6 1
github.com/mikefarah/yq/v4/pkg/yqlib/encoder_xml.go:115.17,117.4 1 0
github.com/mikefarah/yq/v4/pkg/yqlib/encoder_xml.go:118.3,118.36 1 1
github.com/mikefarah/yq/v4/pkg/yqlib/encoder_xml.go:118.36,121.18 3 1
github.com/mikefarah/yq/v4/pkg/yqlib/encoder_xml.go:121.18,123.5 1 0
github.com/mikefarah/yq/v4/pkg/yqlib/encoder_xml.go:126.3,126.52 1 1
github.com/mikefarah/yq/v4/pkg/yqlib/encoder_xml.go:126.53,128.4 0 1
github.com/mikefarah/yq/v4/pkg/yqlib/encoder_xml.go:128.9,128.66 1 1
github.com/mikefarah/yq/v4/pkg/yqlib/encoder_xml.go:128.66,131.56 3 0
github.com/mikefarah/yq/v4/pkg/yqlib/encoder_xml.go:131.56,133.5 1 0
github.com/mikefarah/yq/v4/pkg/yqlib/encoder_xml.go:134.4,134.58 1 0
github.com/mikefarah/yq/v4/pkg/yqlib/encoder_xml.go:134.58,136.5 1 0
github.com/mikefarah/yq/v4/pkg/yqlib/encoder_xml.go:137.9,137.48 1 1
github.com/mikefarah/yq/v4/pkg/yqlib/encoder_xml.go:137.48,139.57 2 1
github.com/mikefarah/yq/v4/pkg/yqlib/encoder_xml.go:139.57,141.5 1 0
github.com/mikefarah/yq/v4/pkg/yqlib/encoder_xml.go:142.4,142.58 1 1
github.com/mikefarah/yq/v4/pkg/yqlib/encoder_xml.go:142.58,144.5 1 0
github.com/mikefarah/yq/v4/pkg/yqlib/encoder_xml.go:145.9,150.18 3 1
github.com/mikefarah/yq/v4/pkg/yqlib/encoder_xml.go:150.18,152.5 1 0
github.com/mikefarah/yq/v4/pkg/yqlib/encoder_xml.go:154.3,155.17 2 1
github.com/mikefarah/yq/v4/pkg/yqlib/encoder_xml.go:155.17,157.4 1 0
github.com/mikefarah/yq/v4/pkg/yqlib/encoder_xml.go:159.2,159.52 1 1
github.com/mikefarah/yq/v4/pkg/yqlib/encoder_xml.go:162.107,164.16 2 1
github.com/mikefarah/yq/v4/pkg/yqlib/encoder_xml.go:164.16,166.3 1 0
github.com/mikefarah/yq/v4/pkg/yqlib/encoder_xml.go:167.2,167.52 1 1
github.com/mikefarah/yq/v4/pkg/yqlib/encoder_xml.go:170.105,172.16 2 1
github.com/mikefarah/yq/v4/pkg/yqlib/encoder_xml.go:172.16,174.3 1 0
github.com/mikefarah/yq/v4/pkg/yqlib/encoder_xml.go:175.2,175.52 1 1
github.com/mikefarah/yq/v4/pkg/yqlib/encoder_xml.go:178.104,179.19 1 1
github.com/mikefarah/yq/v4/pkg/yqlib/encoder_xml.go:180.19,181.43 1 1
github.com/mikefarah/yq/v4/pkg/yqlib/encoder_xml.go:182.20,183.45 1 1
github.com/mikefarah/yq/v4/pkg/yqlib/encoder_xml.go:184.18,186.17 2 1
github.com/mikefarah/yq/v4/pkg/yqlib/encoder_xml.go:186.17,188.4 1 0
github.com/mikefarah/yq/v4/pkg/yqlib/encoder_xml.go:190.3,192.17 3 1
github.com/mikefarah/yq/v4/pkg/yqlib/encoder_xml.go:192.17,194.4 1 0
github.com/mikefarah/yq/v4/pkg/yqlib/encoder_xml.go:196.3,196.68 1 1
github.com/mikefarah/yq/v4/pkg/yqlib/encoder_xml.go:196.68,198.4 1 0
github.com/mikefarah/yq/v4/pkg/yqlib/encoder_xml.go:200.3,200.43 1 1
github.com/mikefarah/yq/v4/pkg/yqlib/encoder_xml.go:202.2,202.52 1 0
github.com/mikefarah/yq/v4/pkg/yqlib/encoder_xml.go:209.83,210.22 1 1
github.com/mikefarah/yq/v4/pkg/yqlib/encoder_xml.go:210.22,213.85 2 1
github.com/mikefarah/yq/v4/pkg/yqlib/encoder_xml.go:213.85,219.53 5 1
github.com/mikefarah/yq/v4/pkg/yqlib/encoder_xml.go:219.53,221.5 1 0
github.com/mikefarah/yq/v4/pkg/yqlib/encoder_xml.go:223.9,225.4 1 1
github.com/mikefarah/yq/v4/pkg/yqlib/encoder_xml.go:227.3,227.82 1 1
github.com/mikefarah/yq/v4/pkg/yqlib/encoder_xml.go:227.82,230.4 2 1
github.com/mikefarah/yq/v4/pkg/yqlib/encoder_xml.go:231.3,235.17 4 1
github.com/mikefarah/yq/v4/pkg/yqlib/encoder_xml.go:235.17,237.4 1 0
github.com/mikefarah/yq/v4/pkg/yqlib/encoder_xml.go:239.2,239.12 1 1
github.com/mikefarah/yq/v4/pkg/yqlib/encoder_xml.go:242.107,244.75 1 1
github.com/mikefarah/yq/v4/pkg/yqlib/encoder_xml.go:244.75,246.3 1 0
github.com/mikefarah/yq/v4/pkg/yqlib/encoder_xml.go:248.2,248.41 1 1
github.com/mikefarah/yq/v4/pkg/yqlib/encoder_xml.go:248.41,250.66 2 1
github.com/mikefarah/yq/v4/pkg/yqlib/encoder_xml.go:250.66,252.4 1 0
github.com/mikefarah/yq/v4/pkg/yqlib/encoder_xml.go:254.2,254.52 1 1
github.com/mikefarah/yq/v4/pkg/yqlib/encoder_xml.go:257.52,262.2 1 1
github.com/mikefarah/yq/v4/pkg/yqlib/encoder_xml.go:264.105,268.44 2 1
github.com/mikefarah/yq/v4/pkg/yqlib/encoder_xml.go:268.44,272.31 3 1
github.com/mikefarah/yq/v4/pkg/yqlib/encoder_xml.go:272.31,273.32 1 1
github.com/mikefarah/yq/v4/pkg/yqlib/encoder_xml.go:273.32,276.5 2 1
github.com/mikefarah/yq/v4/pkg/yqlib/encoder_xml.go:276.10,278.5 1 0
github.com/mikefarah/yq/v4/pkg/yqlib/encoder_xml.go:282.2,283.16 2 1
github.com/mikefarah/yq/v4/pkg/yqlib/encoder_xml.go:283.16,285.3 1 0
github.com/mikefarah/yq/v4/pkg/yqlib/encoder_xml.go:288.2,288.44 1 1
github.com/mikefarah/yq/v4/pkg/yqlib/encoder_xml.go:288.44,293.17 4 1
github.com/mikefarah/yq/v4/pkg/yqlib/encoder_xml.go:293.17,295.4 1 0
github.com/mikefarah/yq/v4/pkg/yqlib/encoder_xml.go:296.3,296.59 1 1
github.com/mikefarah/yq/v4/pkg/yqlib/encoder_xml.go:296.59,299.56 3 1
github.com/mikefarah/yq/v4/pkg/yqlib/encoder_xml.go:299.56,301.5 1 0
github.com/mikefarah/yq/v4/pkg/yqlib/encoder_xml.go:302.9,302.48 1 1
github.com/mikefarah/yq/v4/pkg/yqlib/encoder_xml.go:302.48,304.57 2 1
github.com/mikefarah/yq/v4/pkg/yqlib/encoder_xml.go:304.57,306.5 1 0
github.com/mikefarah/yq/v4/pkg/yqlib/encoder_xml.go:307.9,307.46 1 1
github.com/mikefarah/yq/v4/pkg/yqlib/encoder_xml.go:307.46,310.18 2 1
github.com/mikefarah/yq/v4/pkg/yqlib/encoder_xml.go:310.18,312.5 1 0
github.com/mikefarah/yq/v4/pkg/yqlib/encoder_xml.go:313.4,315.18 3 1
github.com/mikefarah/yq/v4/pkg/yqlib/encoder_xml.go:315.18,317.5 1 0
github.com/mikefarah/yq/v4/pkg/yqlib/encoder_xml.go:318.4,319.18 2 1
github.com/mikefarah/yq/v4/pkg/yqlib/encoder_xml.go:319.18,321.5 1 0
github.com/mikefarah/yq/v4/pkg/yqlib/encoder_xml.go:322.9,322.39 1 1
github.com/mikefarah/yq/v4/pkg/yqlib/encoder_xml.go:322.39,325.18 3 1
github.com/mikefarah/yq/v4/pkg/yqlib/encoder_xml.go:325.18,327.5 1 0
github.com/mikefarah/yq/v4/pkg/yqlib/encoder_xml.go:329.3,330.17 2 1
github.com/mikefarah/yq/v4/pkg/yqlib/encoder_xml.go:330.17,332.4 1 0
github.com/mikefarah/yq/v4/pkg/yqlib/encoder_xml.go:335.2,335.42 1 1
github.com/mikefarah/yq/v4/pkg/yqlib/encoder_yaml.go:20.79,21.16 1 1
github.com/mikefarah/yq/v4/pkg/yqlib/encoder_yaml.go:21.16,23.3 1 0
github.com/mikefarah/yq/v4/pkg/yqlib/encoder_yaml.go:24.2,24.46 1 1
github.com/mikefarah/yq/v4/pkg/yqlib/encoder_yaml.go:27.48,29.2 1 1
github.com/mikefarah/yq/v4/pkg/yqlib/encoder_yaml.go:31.71,32.33 1 1
github.com/mikefarah/yq/v4/pkg/yqlib/encoder_yaml.go:32.33,34.54 2 1
github.com/mikefarah/yq/v4/pkg/yqlib/encoder_yaml.go:34.54,36.4 1 0
github.com/mikefarah/yq/v4/pkg/yqlib/encoder_yaml.go:38.2,38.12 1 1
github.com/mikefarah/yq/v4/pkg/yqlib/encoder_yaml.go:41.84,47.6 3 1
github.com/mikefarah/yq/v4/pkg/yqlib/encoder_yaml.go:47.6,50.58 2 1
github.com/mikefarah/yq/v4/pkg/yqlib/encoder_yaml.go:50.58,52.4 1 0
github.com/mikefarah/yq/v4/pkg/yqlib/encoder_yaml.go:53.3,53.53 1 1
github.com/mikefarah/yq/v4/pkg/yqlib/encoder_yaml.go:53.53,55.60 1 1
github.com/mikefarah/yq/v4/pkg/yqlib/encoder_yaml.go:55.60,57.5 1 0
github.com/mikefarah/yq/v4/pkg/yqlib/encoder_yaml.go:59.9,60.110 1 1
github.com/mikefarah/yq/v4/pkg/yqlib/encoder_yaml.go:60.110,62.5 1 1
github.com/mikefarah/yq/v4/pkg/yqlib/encoder_yaml.go:63.4,63.56 1 1
github.com/mikefarah/yq/v4/pkg/yqlib/encoder_yaml.go:63.56,65.5 1 0
github.com/mikefarah/yq/v4/pkg/yqlib/encoder_yaml.go:68.3,68.36 1 1
github.com/mikefarah/yq/v4/pkg/yqlib/encoder_yaml.go:68.36,69.22 1 1
github.com/mikefarah/yq/v4/pkg/yqlib/encoder_yaml.go:69.22,71.53 1 1
github.com/mikefarah/yq/v4/pkg/yqlib/encoder_yaml.go:71.53,73.6 1 0
github.com/mikefarah/yq/v4/pkg/yqlib/encoder_yaml.go:75.4,75.9 1 1
github.com/mikefarah/yq/v4/pkg/yqlib/encoder_yaml.go:79.2,79.12 1 1
github.com/mikefarah/yq/v4/pkg/yqlib/encoder_yaml.go:82.76,84.54 2 1
github.com/mikefarah/yq/v4/pkg/yqlib/encoder_yaml.go:84.54,86.54 2 1
github.com/mikefarah/yq/v4/pkg/yqlib/encoder_yaml.go:86.54,88.4 1 1
github.com/mikefarah/yq/v4/pkg/yqlib/encoder_yaml.go:89.3,89.43 1 1
github.com/mikefarah/yq/v4/pkg/yqlib/encoder_yaml.go:92.2,94.17 3 1
github.com/mikefarah/yq/v4/pkg/yqlib/encoder_yaml.go:94.17,96.3 1 0
github.com/mikefarah/yq/v4/pkg/yqlib/encoder_yaml.go:98.2,104.16 4 1
github.com/mikefarah/yq/v4/pkg/yqlib/encoder_yaml.go:104.16,106.3 1 0
github.com/mikefarah/yq/v4/pkg/yqlib/encoder_yaml.go:108.2,111.47 3 1
github.com/mikefarah/yq/v4/pkg/yqlib/encoder_yaml.go:111.47,113.3 1 0
github.com/mikefarah/yq/v4/pkg/yqlib/encoder_yaml.go:115.2,115.77 1 1
github.com/mikefarah/yq/v4/pkg/yqlib/encoder_yaml.go:115.77,117.3 1 0
github.com/mikefarah/yq/v4/pkg/yqlib/encoder_yaml.go:119.2,119.17 1 1
github.com/mikefarah/yq/v4/pkg/yqlib/encoder_yaml.go:119.17,121.3 1 0
github.com/mikefarah/yq/v4/pkg/yqlib/encoder_yaml.go:122.2,122.12 1 1
github.com/mikefarah/yq/v4/pkg/yqlib/expression_parser.go:23.54,25.2 1 1
github.com/mikefarah/yq/v4/pkg/yqlib/expression_parser.go:27.92,30.16 3 1
github.com/mikefarah/yq/v4/pkg/yqlib/expression_parser.go:30.16,32.3 1 0
github.com/mikefarah/yq/v4/pkg/yqlib/expression_parser.go:33.2,35.16 3 1
github.com/mikefarah/yq/v4/pkg/yqlib/expression_parser.go:35.16,37.3 1 1
github.com/mikefarah/yq/v4/pkg/yqlib/expression_parser.go:38.2,38.43 1 1
github.com/mikefarah/yq/v4/pkg/yqlib/expression_parser.go:41.104,44.27 2 1
github.com/mikefarah/yq/v4/pkg/yqlib/expression_parser.go:44.27,46.3 1 1
github.com/mikefarah/yq/v4/pkg/yqlib/expression_parser.go:48.2,48.40 1 1
github.com/mikefarah/yq/v4/pkg/yqlib/expression_parser.go:48.40,51.42 3 1
github.com/mikefarah/yq/v4/pkg/yqlib/expression_parser.go:51.42,53.20 2 1
github.com/mikefarah/yq/v4/pkg/yqlib/expression_parser.go:53.20,54.23 1 1
github.com/mikefarah/yq/v4/pkg/yqlib/expression_parser.go:54.23,56.6 1 1
github.com/mikefarah/yq/v4/pkg/yqlib/expression_parser.go:57.5,59.22 3 1
github.com/mikefarah/yq/v4/pkg/yqlib/expression_parser.go:60.10,60.27 1 1
github.com/mikefarah/yq/v4/pkg/yqlib/expression_parser.go:60.27,61.23 1 1
github.com/mikefarah/yq/v4/pkg/yqlib/expression_parser.go:61.23,63.6 1 1
github.com/mikefarah/yq/v4/pkg/yqlib/expression_parser.go:64.5,67.22 4 1
github.com/mikefarah/yq/v4/pkg/yqlib/expression_parser.go:70.3,70.34 1 1
github.com/mikefarah/yq/v4/pkg/yqlib/expression_parser.go:72.2,72.21 1 1
github.com/mikefarah/yq/v4/pkg/yqlib/expression_parser.go:72.21,74.3 1 1
github.com/mikefarah/yq/v4/pkg/yqlib/expression_parser.go:75.2,75.22 1 1
github.com/mikefarah/yq/v4/pkg/yqlib/expression_postfix.go:17.51,19.2 1 1
github.com/mikefarah/yq/v4/pkg/yqlib/expression_postfix.go:21.84,26.2 4 1
github.com/mikefarah/yq/v4/pkg/yqlib/expression_postfix.go:28.47,29.36 1 1
github.com/mikefarah/yq/v4/pkg/yqlib/expression_postfix.go:29.36,31.3 1 1
github.com/mikefarah/yq/v4/pkg/yqlib/expression_postfix.go:31.8,31.49 1 1
github.com/mikefarah/yq/v4/pkg/yqlib/expression_postfix.go:31.49,33.3 1 1
github.com/mikefarah/yq/v4/pkg/yqlib/expression_postfix.go:33.8,33.43 1 1
github.com/mikefarah/yq/v4/pkg/yqlib/expression_postfix.go:33.43,35.3 1 1
github.com/mikefarah/yq/v4/pkg/yqlib/expression_postfix.go:36.2,36.12 1 1
github.com/mikefarah/yq/v4/pkg/yqlib/expression_postfix.go:39.96,45.38 4 1
github.com/mikefarah/yq/v4/pkg/yqlib/expression_postfix.go:45.38,47.33 2 1
github.com/mikefarah/yq/v4/pkg/yqlib/expression_postfix.go:48.52,50.70 2 1
github.com/mikefarah/yq/v4/pkg/yqlib/expression_postfix.go:51.41,54.52 3 1
github.com/mikefarah/yq/v4/pkg/yqlib/expression_postfix.go:54.52,57.5 2 1
github.com/mikefarah/yq/v4/pkg/yqlib/expression_postfix.go:59.4,59.72 1 1
github.com/mikefarah/yq/v4/pkg/yqlib/expression_postfix.go:59.72,61.38 2 1
github.com/mikefarah/yq/v4/pkg/yqlib/expression_postfix.go:61.38,63.6 1 1
github.com/mikefarah/yq/v4/pkg/yqlib/expression_postfix.go:64.5,64.53 1 1
github.com/mikefarah/yq/v4/pkg/yqlib/expression_postfix.go:66.4,66.25 1 1
github.com/mikefarah/yq/v4/pkg/yqlib/expression_postfix.go:66.25,68.5 1 0
github.com/mikefarah/yq/v4/pkg/yqlib/expression_postfix.go:70.4,80.55 5 1
github.com/mikefarah/yq/v4/pkg/yqlib/expression_postfix.go:80.55,82.5 1 1
github.com/mikefarah/yq/v4/pkg/yqlib/expression_postfix.go:83.4,85.29 3 1
github.com/mikefarah/yq/v4/pkg/yqlib/expression_postfix.go:85.29,88.5 2 1
github.com/mikefarah/yq/v4/pkg/yqlib/expression_postfix.go:92.4,92.142 1 1
github.com/mikefarah/yq/v4/pkg/yqlib/expression_postfix.go:92.142,95.5 2 1
github.com/mikefarah/yq/v4/pkg/yqlib/expression_postfix.go:97.21,98.77 1 1
github.com/mikefarah/yq/v4/pkg/yqlib/expression_postfix.go:98.77,100.38 2 1
github.com/mikefarah/yq/v4/pkg/yqlib/expression_postfix.go:100.38,102.6 1 1
github.com/mikefarah/yq/v4/pkg/yqlib/expression_postfix.go:104.5,104.53 1 1
github.com/mikefarah/yq/v4/pkg/yqlib/expression_postfix.go:106.4,106.25 1 1
github.com/mikefarah/yq/v4/pkg/yqlib/expression_postfix.go:106.25,108.5 1 0
github.com/mikefarah/yq/v4/pkg/yqlib/expression_postfix.go:110.4,110.41 1 1
github.com/mikefarah/yq/v4/pkg/yqlib/expression_postfix.go:112.11,117.84 2 1
github.com/mikefarah/yq/v4/pkg/yqlib/expression_postfix.go:117.84,119.5 1 1
github.com/mikefarah/yq/v4/pkg/yqlib/expression_postfix.go:121.4,122.70 2 1
github.com/mikefarah/yq/v4/pkg/yqlib/expression_postfix.go:126.2,127.22 2 1
github.com/mikefarah/yq/v4/pkg/yqlib/expression_postfix.go:127.22,129.33 2 1
github.com/mikefarah/yq/v4/pkg/yqlib/expression_postfix.go:129.33,131.4 1 1
github.com/mikefarah/yq/v4/pkg/yqlib/expression_postfix.go:133.3,133.123 1 1
github.com/mikefarah/yq/v4/pkg/yqlib/expression_postfix.go:136.2,136.37 1 1
github.com/mikefarah/yq/v4/pkg/yqlib/expression_postfix.go:136.37,138.39 2 1
github.com/mikefarah/yq/v4/pkg/yqlib/expression_postfix.go:138.39,140.4 1 1
github.com/mikefarah/yq/v4/pkg/yqlib/expression_postfix.go:143.2,143.20 1 1
github.com/mikefarah/yq/v4/pkg/yqlib/file_utils.go:9.50,10.60 1 0
github.com/mikefarah/yq/v4/pkg/yqlib/file_utils.go:10.60,16.64 4 0
github.com/mikefarah/yq/v4/pkg/yqlib/file_utils.go:16.64,18.4 1 0
github.com/mikefarah/yq/v4/pkg/yqlib/file_utils.go:19.3,19.26 1 0
github.com/mikefarah/yq/v4/pkg/yqlib/file_utils.go:21.2,21.12 1 0
github.com/mikefarah/yq/v4/pkg/yqlib/file_utils.go:24.41,27.22 3 1
github.com/mikefarah/yq/v4/pkg/yqlib/file_utils.go:27.22,29.3 1 0
github.com/mikefarah/yq/v4/pkg/yqlib/file_utils.go:33.52,38.16 2 0
github.com/mikefarah/yq/v4/pkg/yqlib/file_utils.go:38.16,40.3 1 0
github.com/mikefarah/yq/v4/pkg/yqlib/file_utils.go:41.2,43.16 3 0
github.com/mikefarah/yq/v4/pkg/yqlib/file_utils.go:43.16,45.3 1 0
github.com/mikefarah/yq/v4/pkg/yqlib/file_utils.go:46.2,47.43 2 0
github.com/mikefarah/yq/v4/pkg/yqlib/file_utils.go:47.43,49.3 1 0
github.com/mikefarah/yq/v4/pkg/yqlib/file_utils.go:50.2,50.19 1 0
github.com/mikefarah/yq/v4/pkg/yqlib/file_utils.go:53.42,54.33 1 0
github.com/mikefarah/yq/v4/pkg/yqlib/file_utils.go:55.16,56.26 1 0
github.com/mikefarah/yq/v4/pkg/yqlib/file_utils.go:60.37,62.16 2 1
github.com/mikefarah/yq/v4/pkg/yqlib/file_utils.go:62.16,65.3 2 0
github.com/mikefarah/yq/v4/pkg/yqlib/file_utils.go:68.41,70.24 2 1
github.com/mikefarah/yq/v4/pkg/yqlib/file_utils.go:70.24,72.17 2 0
github.com/mikefarah/yq/v4/pkg/yqlib/file_utils.go:72.17,74.4 1 0
github.com/mikefarah/yq/v4/pkg/yqlib/file_utils.go:75.8,75.23 1 1
github.com/mikefarah/yq/v4/pkg/yqlib/file_utils.go:75.23,77.3 1 0
github.com/mikefarah/yq/v4/pkg/yqlib/file_utils.go:79.2,80.16 2 1
github.com/mikefarah/yq/v4/pkg/yqlib/file_utils.go:80.16,82.3 1 0
github.com/mikefarah/yq/v4/pkg/yqlib/file_utils.go:84.2,84.18 1 1
github.com/mikefarah/yq/v4/pkg/yqlib/front_matter.go:23.72,25.2 1 1
github.com/mikefarah/yq/v4/pkg/yqlib/front_matter.go:27.70,29.2 1 1
github.com/mikefarah/yq/v4/pkg/yqlib/front_matter.go:31.63,33.2 1 1
github.com/mikefarah/yq/v4/pkg/yqlib/front_matter.go:35.44,37.2 1 1
github.com/mikefarah/yq/v4/pkg/yqlib/front_matter.go:42.48,45.31 3 1
github.com/mikefarah/yq/v4/pkg/yqlib/front_matter.go:45.31,47.3 1 0
github.com/mikefarah/yq/v4/pkg/yqlib/front_matter.go:47.8,49.17 2 1
github.com/mikefarah/yq/v4/pkg/yqlib/front_matter.go:49.17,51.4 1 0
github.com/mikefarah/yq/v4/pkg/yqlib/front_matter.go:52.3,52.33 1 1
github.com/mikefarah/yq/v4/pkg/yqlib/front_matter.go:54.2,57.16 3 1
github.com/mikefarah/yq/v4/pkg/yqlib/front_matter.go:57.16,59.3 1 0
github.com/mikefarah/yq/v4/pkg/yqlib/front_matter.go:60.2,65.6 4 1
github.com/mikefarah/yq/v4/pkg/yqlib/front_matter.go:65.6,67.29 2 1
github.com/mikefarah/yq/v4/pkg/yqlib/front_matter.go:67.29,69.9 1 0
github.com/mikefarah/yq/v4/pkg/yqlib/front_matter.go:70.9,70.24 1 1
github.com/mikefarah/yq/v4/pkg/yqlib/front_matter.go:70.24,72.4 1 0
github.com/mikefarah/yq/v4/pkg/yqlib/front_matter.go:73.3,73.50 1 1
github.com/mikefarah/yq/v4/pkg/yqlib/front_matter.go:73.50,75.9 1 1
github.com/mikefarah/yq/v4/pkg/yqlib/front_matter.go:77.3,79.58 3 1
github.com/mikefarah/yq/v4/pkg/yqlib/front_matter.go:79.58,81.4 1 0
github.com/mikefarah/yq/v4/pkg/yqlib/front_matter.go:83.3,85.24 2 1
github.com/mikefarah/yq/v4/pkg/yqlib/front_matter.go:85.24,87.4 1 0
github.com/mikefarah/yq/v4/pkg/yqlib/front_matter.go:90.2,92.12 2 1
github.com/mikefarah/yq/v4/pkg/yqlib/lexer.go:33.46,34.35 1 1
github.com/mikefarah/yq/v4/pkg/yqlib/lexer.go:34.35,35.13 1 1
github.com/mikefarah/yq/v4/pkg/yqlib/lexer.go:35.13,37.4 1 1
github.com/mikefarah/yq/v4/pkg/yqlib/lexer.go:38.3,38.32 1 1
github.com/mikefarah/yq/v4/pkg/yqlib/lexer.go:39.8,39.39 1 1
github.com/mikefarah/yq/v4/pkg/yqlib/lexer.go:39.39,41.3 1 1
github.com/mikefarah/yq/v4/pkg/yqlib/lexer.go:41.8,41.40 1 1
github.com/mikefarah/yq/v4/pkg/yqlib/lexer.go:41.40,43.3 1 1
github.com/mikefarah/yq/v4/pkg/yqlib/lexer.go:43.8,43.39 1 1
github.com/mikefarah/yq/v4/pkg/yqlib/lexer.go:43.39,45.3 1 1
github.com/mikefarah/yq/v4/pkg/yqlib/lexer.go:45.8,45.40 1 1
github.com/mikefarah/yq/v4/pkg/yqlib/lexer.go:45.40,47.3 1 1
github.com/mikefarah/yq/v4/pkg/yqlib/lexer.go:47.8,47.45 1 1
github.com/mikefarah/yq/v4/pkg/yqlib/lexer.go:47.45,49.3 1 1
github.com/mikefarah/yq/v4/pkg/yqlib/lexer.go:49.8,49.46 1 1
github.com/mikefarah/yq/v4/pkg/yqlib/lexer.go:49.46,51.3 1 1
github.com/mikefarah/yq/v4/pkg/yqlib/lexer.go:51.8,51.48 1 1
github.com/mikefarah/yq/v4/pkg/yqlib/lexer.go:51.48,54.3 1 1
github.com/mikefarah/yq/v4/pkg/yqlib/lexer.go:54.8,56.3 1 0
github.com/mikefarah/yq/v4/pkg/yqlib/lexer.go:59.34,61.2 1 1
github.com/mikefarah/yq/v4/pkg/yqlib/lexer.go:63.56,67.26 4 1
github.com/mikefarah/yq/v4/pkg/yqlib/lexer.go:67.26,69.3 1 0
github.com/mikefarah/yq/v4/pkg/yqlib/lexer.go:70.2,70.20 1 1
github.com/mikefarah/yq/v4/pkg/yqlib/lexer.go:73.59,76.23 3 1
github.com/mikefarah/yq/v4/pkg/yqlib/lexer.go:76.23,78.3 1 0
github.com/mikefarah/yq/v4/pkg/yqlib/lexer.go:79.2,81.66 3 1
github.com/mikefarah/yq/v4/pkg/yqlib/lexer.go:84.50,89.28 3 1
github.com/mikefarah/yq/v4/pkg/yqlib/lexer.go:89.28,90.20 1 1
github.com/mikefarah/yq/v4/pkg/yqlib/lexer.go:90.20,92.4 1 1
github.com/mikefarah/yq/v4/pkg/yqlib/lexer.go:92.9,94.4 1 1
github.com/mikefarah/yq/v4/pkg/yqlib/lexer.go:97.2,97.28 1 1
github.com/mikefarah/yq/v4/pkg/yqlib/lexer.go:100.62,102.2 1 1
github.com/mikefarah/yq/v4/pkg/yqlib/lexer.go:104.119,110.52 4 1
github.com/mikefarah/yq/v4/pkg/yqlib/lexer.go:110.52,125.3 7 1
github.com/mikefarah/yq/v4/pkg/yqlib/lexer.go:127.2,127.50 1 1
github.com/mikefarah/yq/v4/pkg/yqlib/lexer.go:127.50,130.56 2 1
github.com/mikefarah/yq/v4/pkg/yqlib/lexer.go:130.56,134.4 2 1
github.com/mikefarah/yq/v4/pkg/yqlib/lexer.go:137.2,138.48 1 1
github.com/mikefarah/yq/v4/pkg/yqlib/lexer.go:138.48,143.3 4 1
github.com/mikefarah/yq/v4/pkg/yqlib/lexer.go:145.2,148.50 3 1
github.com/mikefarah/yq/v4/pkg/yqlib/lexer.go:148.50,151.74 2 1
github.com/mikefarah/yq/v4/pkg/yqlib/lexer.go:151.74,156.4 3 1
github.com/mikefarah/yq/v4/pkg/yqlib/lexer.go:159.2,161.102 1 1
github.com/mikefarah/yq/v4/pkg/yqlib/lexer.go:161.102,165.3 3 1
github.com/mikefarah/yq/v4/pkg/yqlib/lexer.go:167.2,170.57 1 1
github.com/mikefarah/yq/v4/pkg/yqlib/lexer.go:170.57,174.3 3 1
github.com/mikefarah/yq/v4/pkg/yqlib/lexer.go:175.2,176.44 1 1
github.com/mikefarah/yq/v4/pkg/yqlib/lexer.go:176.44,181.3 3 1
github.com/mikefarah/yq/v4/pkg/yqlib/lexer.go:182.2,182.43 1 1
github.com/mikefarah/yq/v4/pkg/yqlib/lexer_participle.go:237.69,239.2 1 1
github.com/mikefarah/yq/v4/pkg/yqlib/lexer_participle.go:241.102,243.2 1 1
github.com/mikefarah/yq/v4/pkg/yqlib/lexer_participle.go:245.47,247.43 2 1
github.com/mikefarah/yq/v4/pkg/yqlib/lexer_participle.go:247.43,249.3 1 1
github.com/mikefarah/yq/v4/pkg/yqlib/lexer_participle.go:250.2,253.43 3 1
github.com/mikefarah/yq/v4/pkg/yqlib/lexer_participle.go:253.43,255.3 1 1
github.com/mikefarah/yq/v4/pkg/yqlib/lexer_participle.go:257.2,257.42 1 1
github.com/mikefarah/yq/v4/pkg/yqlib/lexer_participle.go:260.39,261.52 1 1
github.com/mikefarah/yq/v4/pkg/yqlib/lexer_participle.go:261.52,265.34 3 1
github.com/mikefarah/yq/v4/pkg/yqlib/lexer_participle.go:265.34,268.4 2 1
github.com/mikefarah/yq/v4/pkg/yqlib/lexer_participle.go:270.3,271.14 2 1
github.com/mikefarah/yq/v4/pkg/yqlib/lexer_participle.go:271.14,273.4 1 1
github.com/mikefarah/yq/v4/pkg/yqlib/lexer_participle.go:274.3,276.91 3 1
github.com/mikefarah/yq/v4/pkg/yqlib/lexer_participle.go:280.59,289.2 2 1
github.com/mikefarah/yq/v4/pkg/yqlib/lexer_participle.go:291.109,292.52 1 1
github.com/mikefarah/yq/v4/pkg/yqlib/lexer_participle.go:292.52,296.26 4 1
github.com/mikefarah/yq/v4/pkg/yqlib/lexer_participle.go:296.26,298.4 1 1
github.com/mikefarah/yq/v4/pkg/yqlib/lexer_participle.go:299.3,299.88 1 1
github.com/mikefarah/yq/v4/pkg/yqlib/lexer_participle.go:303.52,304.52 1 1
github.com/mikefarah/yq/v4/pkg/yqlib/lexer_participle.go:304.52,308.3 3 1
github.com/mikefarah/yq/v4/pkg/yqlib/lexer_participle.go:311.34,312.52 1 1
github.com/mikefarah/yq/v4/pkg/yqlib/lexer_participle.go:312.52,315.27 3 1
github.com/mikefarah/yq/v4/pkg/yqlib/lexer_participle.go:315.27,317.4 1 0
github.com/mikefarah/yq/v4/pkg/yqlib/lexer_participle.go:319.3,321.63 3 1
[...]
github.com/mikefarah/yq/v4/pkg/yqlib/operator_traverse_path.go:297.17,298.38 1 1
github.com/mikefarah/yq/v4/pkg/yqlib/operator_traverse_path.go:298.38,300.4 1 1
github.com/mikefarah/yq/v4/pkg/yqlib/operator_traverse_path.go:301.3,301.73 1 1
github.com/mikefarah/yq/v4/pkg/yqlib/operator_traverse_path.go:302.20,303.44 1 1
github.com/mikefarah/yq/v4/pkg/yqlib/operator_traverse_path.go:303.44,305.18 2 1
github.com/mikefarah/yq/v4/pkg/yqlib/operator_traverse_path.go:305.18,307.5 1 0
github.com/mikefarah/yq/v4/pkg/yqlib/operator_traverse_path.go:310.2,310.12 1 1
github.com/mikefarah/yq/v4/pkg/yqlib/operator_traverse_path.go:313.115,317.2 3 1
github.com/mikefarah/yq/v4/pkg/yqlib/operator_union.go:5.108,9.16 4 1
github.com/mikefarah/yq/v4/pkg/yqlib/operator_union.go:9.16,11.3 1 0
github.com/mikefarah/yq/v4/pkg/yqlib/operator_union.go:12.2,17.16 5 1
github.com/mikefarah/yq/v4/pkg/yqlib/operator_union.go:17.16,19.3 1 0
github.com/mikefarah/yq/v4/pkg/yqlib/operator_union.go:20.2,24.65 4 1
github.com/mikefarah/yq/v4/pkg/yqlib/operator_union.go:24.65,27.3 2 1
github.com/mikefarah/yq/v4/pkg/yqlib/operator_union.go:32.2,32.44 1 1
github.com/mikefarah/yq/v4/pkg/yqlib/operator_union.go:32.44,34.66 1 1
github.com/mikefarah/yq/v4/pkg/yqlib/operator_union.go:34.66,39.4 3 1
github.com/mikefarah/yq/v4/pkg/yqlib/operator_union.go:41.2,42.21 2 1
github.com/mikefarah/yq/v4/pkg/yqlib/operator_unique.go:10.101,15.2 3 1
github.com/mikefarah/yq/v4/pkg/yqlib/operator_unique.go:17.103,22.69 3 1
github.com/mikefarah/yq/v4/pkg/yqlib/operator_unique.go:22.69,26.41 3 1
github.com/mikefarah/yq/v4/pkg/yqlib/operator_unique.go:26.41,28.4 1 0
github.com/mikefarah/yq/v4/pkg/yqlib/operator_unique.go:30.3,31.47 2 1
github.com/mikefarah/yq/v4/pkg/yqlib/operator_unique.go:31.47,34.18 2 1
github.com/mikefarah/yq/v4/pkg/yqlib/operator_unique.go:34.18,36.5 1 0
github.com/mikefarah/yq/v4/pkg/yqlib/operator_unique.go:38.4,40.35 2 1
github.com/mikefarah/yq/v4/pkg/yqlib/operator_unique.go:40.35,44.5 3 1
github.com/mikefarah/yq/v4/pkg/yqlib/operator_unique.go:46.4,48.15 2 1
github.com/mikefarah/yq/v4/pkg/yqlib/operator_unique.go:48.15,50.5 1 1
github.com/mikefarah/yq/v4/pkg/yqlib/operator_unique.go:52.3,53.59 2 1
github.com/mikefarah/yq/v4/pkg/yqlib/operator_unique.go:53.59,55.4 1 1
github.com/mikefarah/yq/v4/pkg/yqlib/operator_unique.go:57.3,57.31 1 1
github.com/mikefarah/yq/v4/pkg/yqlib/operator_unique.go:60.2,60.43 1 1
github.com/mikefarah/yq/v4/pkg/yqlib/operator_value.go:5.112,7.2 1 1
github.com/mikefarah/yq/v4/pkg/yqlib/operator_value.go:9.108,11.38 2 1
github.com/mikefarah/yq/v4/pkg/yqlib/operator_value.go:11.38,14.3 2 0
github.com/mikefarah/yq/v4/pkg/yqlib/operator_value.go:16.2,18.69 2 1
github.com/mikefarah/yq/v4/pkg/yqlib/operator_value.go:18.69,21.3 2 1
github.com/mikefarah/yq/v4/pkg/yqlib/operator_value.go:23.2,23.43 1 1
github.com/mikefarah/yq/v4/pkg/yqlib/operator_variables.go:8.114,12.19 4 1
github.com/mikefarah/yq/v4/pkg/yqlib/operator_variables.go:12.19,14.3 1 0
github.com/mikefarah/yq/v4/pkg/yqlib/operator_variables.go:15.2,15.42 1 1
github.com/mikefarah/yq/v4/pkg/yqlib/operator_variables.go:22.103,24.2 1 1
github.com/mikefarah/yq/v4/pkg/yqlib/operator_variables.go:28.104,32.89 4 1
github.com/mikefarah/yq/v4/pkg/yqlib/operator_variables.go:32.89,34.27 2 1
github.com/mikefarah/yq/v4/pkg/yqlib/operator_variables.go:34.27,35.9 1 1
github.com/mikefarah/yq/v4/pkg/yqlib/operator_variables.go:38.2,38.25 1 1
github.com/mikefarah/yq/v4/pkg/yqlib/operator_variables.go:38.25,40.3 1 1
github.com/mikefarah/yq/v4/pkg/yqlib/operator_variables.go:42.2,42.69 1 1
github.com/mikefarah/yq/v4/pkg/yqlib/operator_variables.go:42.69,44.17 2 1
github.com/mikefarah/yq/v4/pkg/yqlib/operator_variables.go:44.17,46.4 1 0
github.com/mikefarah/yq/v4/pkg/yqlib/operator_variables.go:47.3,47.45 1 1
github.com/mikefarah/yq/v4/pkg/yqlib/operator_variables.go:49.2,49.43 1 1
github.com/mikefarah/yq/v4/pkg/yqlib/operator_variables.go:52.115,56.16 3 1
github.com/mikefarah/yq/v4/pkg/yqlib/operator_variables.go:56.16,58.3 1 1
github.com/mikefarah/yq/v4/pkg/yqlib/operator_variables.go:59.2,59.68 1 1
github.com/mikefarah/yq/v4/pkg/yqlib/operator_variables.go:59.68,61.3 1 0
github.com/mikefarah/yq/v4/pkg/yqlib/operator_variables.go:62.2,69.65 4 1
github.com/mikefarah/yq/v4/pkg/yqlib/operator_variables.go:69.65,72.24 3 1
github.com/mikefarah/yq/v4/pkg/yqlib/operator_variables.go:72.24,74.4 1 1
github.com/mikefarah/yq/v4/pkg/yqlib/operator_variables.go:74.9,77.4 2 1
github.com/mikefarah/yq/v4/pkg/yqlib/operator_variables.go:78.3,83.17 4 1
github.com/mikefarah/yq/v4/pkg/yqlib/operator_variables.go:83.17,85.4 1 0
github.com/mikefarah/yq/v4/pkg/yqlib/operator_variables.go:86.3,87.42 2 1
github.com/mikefarah/yq/v4/pkg/yqlib/operator_variables.go:91.2,91.34 1 1
github.com/mikefarah/yq/v4/pkg/yqlib/operator_variables.go:91.34,93.3 1 1
github.com/mikefarah/yq/v4/pkg/yqlib/operator_variables.go:95.2,95.43 1 1
github.com/mikefarah/yq/v4/pkg/yqlib/operator_with.go:5.107,9.63 2 1
github.com/mikefarah/yq/v4/pkg/yqlib/operator_with.go:9.63,11.3 1 0
github.com/mikefarah/yq/v4/pkg/yqlib/operator_with.go:13.2,17.16 3 1
github.com/mikefarah/yq/v4/pkg/yqlib/operator_with.go:17.16,19.3 1 0
github.com/mikefarah/yq/v4/pkg/yqlib/operator_with.go:21.2,23.75 2 1
github.com/mikefarah/yq/v4/pkg/yqlib/operator_with.go:23.75,26.17 3 1
github.com/mikefarah/yq/v4/pkg/yqlib/operator_with.go:26.17,28.4 1 0
github.com/mikefarah/yq/v4/pkg/yqlib/operator_with.go:32.2,32.21 1 1
github.com/mikefarah/yq/v4/pkg/yqlib/operators.go:15.150,17.16 2 1
github.com/mikefarah/yq/v4/pkg/yqlib/operators.go:17.16,19.3 1 0
github.com/mikefarah/yq/v4/pkg/yqlib/operators.go:27.2,28.66 2 1
github.com/mikefarah/yq/v4/pkg/yqlib/operators.go:29.25,30.20 1 1
github.com/mikefarah/yq/v4/pkg/yqlib/operators.go:31.27,32.68 1 1
github.com/mikefarah/yq/v4/pkg/yqlib/operators.go:35.2,37.65 2 1
github.com/mikefarah/yq/v4/pkg/yqlib/operators.go:37.65,47.17 7 1
github.com/mikefarah/yq/v4/pkg/yqlib/operators.go:47.17,49.4 1 1
github.com/mikefarah/yq/v4/pkg/yqlib/operators.go:51.2,51.21 1 1
github.com/mikefarah/yq/v4/pkg/yqlib/operators.go:54.108,57.2 2 1
github.com/mikefarah/yq/v4/pkg/yqlib/operators.go:61.170,63.33 1 1
github.com/mikefarah/yq/v4/pkg/yqlib/operators.go:63.33,65.17 2 1
github.com/mikefarah/yq/v4/pkg/yqlib/operators.go:65.17,67.4 1 0
github.com/mikefarah/yq/v4/pkg/yqlib/operators.go:67.9,67.27 1 1
github.com/mikefarah/yq/v4/pkg/yqlib/operators.go:67.27,70.4 2 1
github.com/mikefarah/yq/v4/pkg/yqlib/operators.go:73.2,74.16 2 1
github.com/mikefarah/yq/v4/pkg/yqlib/operators.go:74.16,76.3 1 1
github.com/mikefarah/yq/v4/pkg/yqlib/operators.go:78.2,78.57 1 1
github.com/mikefarah/yq/v4/pkg/yqlib/operators.go:78.57,80.17 2 1
github.com/mikefarah/yq/v4/pkg/yqlib/operators.go:80.17,82.4 1 0
github.com/mikefarah/yq/v4/pkg/yqlib/operators.go:83.3,83.29 1 1
github.com/mikefarah/yq/v4/pkg/yqlib/operators.go:83.29,85.4 1 1
github.com/mikefarah/yq/v4/pkg/yqlib/operators.go:86.3,86.13 1 1
github.com/mikefarah/yq/v4/pkg/yqlib/operators.go:89.2,89.85 1 1
github.com/mikefarah/yq/v4/pkg/yqlib/operators.go:89.85,91.39 2 1
github.com/mikefarah/yq/v4/pkg/yqlib/operators.go:91.39,93.4 1 0
github.com/mikefarah/yq/v4/pkg/yqlib/operators.go:94.3,95.17 2 1
github.com/mikefarah/yq/v4/pkg/yqlib/operators.go:95.17,97.4 1 1
github.com/mikefarah/yq/v4/pkg/yqlib/operators.go:98.3,98.29 1 1
github.com/mikefarah/yq/v4/pkg/yqlib/operators.go:98.29,100.4 1 1
github.com/mikefarah/yq/v4/pkg/yqlib/operators.go:102.2,102.12 1 1
github.com/mikefarah/yq/v4/pkg/yqlib/operators.go:113.138,116.16 3 1
github.com/mikefarah/yq/v4/pkg/yqlib/operators.go:116.16,118.3 1 1
github.com/mikefarah/yq/v4/pkg/yqlib/operators.go:119.2,121.57 2 1
github.com/mikefarah/yq/v4/pkg/yqlib/operators.go:121.57,123.17 2 1
github.com/mikefarah/yq/v4/pkg/yqlib/operators.go:123.17,125.4 1 1
github.com/mikefarah/yq/v4/pkg/yqlib/operators.go:128.2,128.65 1 1
github.com/mikefarah/yq/v4/pkg/yqlib/operators.go:128.65,132.17 3 1
github.com/mikefarah/yq/v4/pkg/yqlib/operators.go:132.17,134.4 1 1
github.com/mikefarah/yq/v4/pkg/yqlib/operators.go:137.2,137.43 1 1
github.com/mikefarah/yq/v4/pkg/yqlib/operators.go:140.166,143.2 2 1
github.com/mikefarah/yq/v4/pkg/yqlib/operators.go:145.149,149.89 3 1
github.com/mikefarah/yq/v4/pkg/yqlib/operators.go:149.89,151.27 2 1
github.com/mikefarah/yq/v4/pkg/yqlib/operators.go:151.27,152.9 1 1
github.com/mikefarah/yq/v4/pkg/yqlib/operators.go:156.2,156.25 1 1
github.com/mikefarah/yq/v4/pkg/yqlib/operators.go:156.25,159.3 2 1
github.com/mikefarah/yq/v4/pkg/yqlib/operators.go:161.2,163.89 2 1
github.com/mikefarah/yq/v4/pkg/yqlib/operators.go:163.89,165.17 2 1
github.com/mikefarah/yq/v4/pkg/yqlib/operators.go:165.17,167.4 1 1
github.com/mikefarah/yq/v4/pkg/yqlib/operators.go:168.3,168.51 1 1
github.com/mikefarah/yq/v4/pkg/yqlib/operators.go:171.2,171.43 1 1
github.com/mikefarah/yq/v4/pkg/yqlib/operators.go:174.78,176.12 2 1
github.com/mikefarah/yq/v4/pkg/yqlib/operators.go:176.12,178.3 1 1
github.com/mikefarah/yq/v4/pkg/yqlib/operators.go:179.2,180.20 2 1
github.com/mikefarah/yq/v4/pkg/yqlib/operators.go:180.20,183.3 2 1
github.com/mikefarah/yq/v4/pkg/yqlib/operators.go:185.2,185.13 1 1
github.com/mikefarah/yq/v4/pkg/yqlib/operators.go:188.113,189.20 1 1
github.com/mikefarah/yq/v4/pkg/yqlib/operators.go:189.20,191.3 1 1
github.com/mikefarah/yq/v4/pkg/yqlib/operators.go:191.8,191.27 1 1
github.com/mikefarah/yq/v4/pkg/yqlib/operators.go:191.27,193.16 2 1
github.com/mikefarah/yq/v4/pkg/yqlib/operators.go:193.16,195.18 2 1
github.com/mikefarah/yq/v4/pkg/yqlib/operators.go:195.18,196.15 1 0
github.com/mikefarah/yq/v4/pkg/yqlib/operators.go:198.4,199.41 2 1
github.com/mikefarah/yq/v4/pkg/yqlib/operators.go:201.3,201.164 1 1
github.com/mikefarah/yq/v4/pkg/yqlib/operators.go:204.2,208.3 1 1
github.com/mikefarah/yq/v4/pkg/yqlib/printer.go:36.73,37.16 1 1
github.com/mikefarah/yq/v4/pkg/yqlib/printer.go:38.26,39.31 1 0
github.com/mikefarah/yq/v4/pkg/yqlib/printer.go:40.19,41.31 1 1
github.com/mikefarah/yq/v4/pkg/yqlib/printer.go:42.34,43.32 1 0
github.com/mikefarah/yq/v4/pkg/yqlib/printer.go:44.18,45.30 1 0
github.com/mikefarah/yq/v4/pkg/yqlib/printer.go:46.18,47.30 1 0
github.com/mikefarah/yq/v4/pkg/yqlib/printer.go:48.18,49.30 1 1
github.com/mikefarah/yq/v4/pkg/yqlib/printer.go:50.14,51.31 1 0
github.com/mikefarah/yq/v4/pkg/yqlib/printer.go:52.26,53.41 1 0
github.com/mikefarah/yq/v4/pkg/yqlib/printer.go:54.10,55.106 1 0
github.com/mikefarah/yq/v4/pkg/yqlib/printer.go:71.71,79.2 1 1
github.com/mikefarah/yq/v4/pkg/yqlib/printer.go:81.61,85.2 2 1
github.com/mikefarah/yq/v4/pkg/yqlib/printer.go:87.56,89.2 1 0
github.com/mikefarah/yq/v4/pkg/yqlib/printer.go:91.49,93.2 1 0
github.com/mikefarah/yq/v4/pkg/yqlib/printer.go:95.81,99.2 2 1
github.com/mikefarah/yq/v4/pkg/yqlib/printer.go:101.37,104.54 3 1
github.com/mikefarah/yq/v4/pkg/yqlib/printer.go:104.54,106.3 1 0
github.com/mikefarah/yq/v4/pkg/yqlib/printer.go:106.8,106.63 1 1
github.com/mikefarah/yq/v4/pkg/yqlib/printer.go:106.63,108.3 1 1
github.com/mikefarah/yq/v4/pkg/yqlib/printer.go:111.71,114.30 2 1
github.com/mikefarah/yq/v4/pkg/yqlib/printer.go:114.30,117.3 2 1
github.com/mikefarah/yq/v4/pkg/yqlib/printer.go:119.2,119.35 1 1
github.com/mikefarah/yq/v4/pkg/yqlib/printer.go:119.35,123.17 4 1
github.com/mikefarah/yq/v4/pkg/yqlib/printer.go:123.17,125.4 1 0
github.com/mikefarah/yq/v4/pkg/yqlib/printer.go:126.3,126.40 1 1
github.com/mikefarah/yq/v4/pkg/yqlib/printer.go:129.2,129.25 1 1
github.com/mikefarah/yq/v4/pkg/yqlib/printer.go:129.25,134.3 4 1
github.com/mikefarah/yq/v4/pkg/yqlib/printer.go:136.2,136.61 1 1
github.com/mikefarah/yq/v4/pkg/yqlib/printer.go:136.61,142.26 5 1
github.com/mikefarah/yq/v4/pkg/yqlib/printer.go:142.26,144.4 1 0
github.com/mikefarah/yq/v4/pkg/yqlib/printer.go:146.3,149.136 3 1
github.com/mikefarah/yq/v4/pkg/yqlib/printer.go:149.136,150.67 1 1
github.com/mikefarah/yq/v4/pkg/yqlib/printer.go:150.67,152.5 1 0
github.com/mikefarah/yq/v4/pkg/yqlib/printer.go:155.3,157.21 3 1
github.com/mikefarah/yq/v4/pkg/yqlib/printer.go:157.21,159.4 1 1
github.com/mikefarah/yq/v4/pkg/yqlib/printer.go:161.3,161.94 1 1
github.com/mikefarah/yq/v4/pkg/yqlib/printer.go:161.94,163.4 1 0
github.com/mikefarah/yq/v4/pkg/yqlib/printer.go:165.3,165.61 1 1
github.com/mikefarah/yq/v4/pkg/yqlib/printer.go:165.61,167.4 1 1
github.com/mikefarah/yq/v4/pkg/yqlib/printer.go:169.3,169.21 1 1
github.com/mikefarah/yq/v4/pkg/yqlib/printer.go:169.21,172.49 3 1
github.com/mikefarah/yq/v4/pkg/yqlib/printer.go:172.49,176.5 1 0
github.com/mikefarah/yq/v4/pkg/yqlib/printer.go:177.4,177.59 1 1
github.com/mikefarah/yq/v4/pkg/yqlib/printer.go:177.59,179.5 1 0
github.com/mikefarah/yq/v4/pkg/yqlib/printer.go:180.4,180.53 1 1
github.com/mikefarah/yq/v4/pkg/yqlib/printer.go:180.53,182.5 1 0
github.com/mikefarah/yq/v4/pkg/yqlib/printer.go:185.3,186.40 2 1
github.com/mikefarah/yq/v4/pkg/yqlib/printer.go:186.40,188.4 1 0
github.com/mikefarah/yq/v4/pkg/yqlib/printer.go:189.3,189.38 1 1
github.com/mikefarah/yq/v4/pkg/yqlib/printer.go:193.2,193.29 1 1
github.com/mikefarah/yq/v4/pkg/yqlib/printer.go:193.29,195.17 2 0
github.com/mikefarah/yq/v4/pkg/yqlib/printer.go:195.17,197.4 1 0
github.com/mikefarah/yq/v4/pkg/yqlib/printer.go:199.3,202.17 4 0
github.com/mikefarah/yq/v4/pkg/yqlib/printer.go:202.17,204.4 1 0
github.com/mikefarah/yq/v4/pkg/yqlib/printer.go:205.3,205.40 1 0
github.com/mikefarah/yq/v4/pkg/yqlib/printer.go:205.40,207.4 1 0
github.com/mikefarah/yq/v4/pkg/yqlib/printer.go:210.2,210.12 1 1
github.com/mikefarah/yq/v4/pkg/yqlib/printer_writer.go:19.61,23.2 1 1
github.com/mikefarah/yq/v4/pkg/yqlib/printer_writer.go:25.86,27.2 1 1
github.com/mikefarah/yq/v4/pkg/yqlib/printer_writer.go:36.98,39.16 2 0
github.com/mikefarah/yq/v4/pkg/yqlib/printer_writer.go:40.24,41.21 1 0
github.com/mikefarah/yq/v4/pkg/yqlib/printer_writer.go:42.25,43.27 1 0
github.com/mikefarah/yq/v4/pkg/yqlib/printer_writer.go:46.2,51.3 1 0
github.com/mikefarah/yq/v4/pkg/yqlib/printer_writer.go:54.83,62.16 6 0
github.com/mikefarah/yq/v4/pkg/yqlib/printer_writer.go:62.16,64.3 1 0
github.com/mikefarah/yq/v4/pkg/yqlib/printer_writer.go:65.2,65.36 1 0
github.com/mikefarah/yq/v4/pkg/yqlib/printer_writer.go:65.36,67.3 1 0
github.com/mikefarah/yq/v4/pkg/yqlib/printer_writer.go:68.2,69.40 2 0
github.com/mikefarah/yq/v4/pkg/yqlib/printer_writer.go:69.40,71.3 1 0
github.com/mikefarah/yq/v4/pkg/yqlib/printer_writer.go:73.2,75.16 2 0
github.com/mikefarah/yq/v4/pkg/yqlib/printer_writer.go:75.16,77.3 1 0
github.com/mikefarah/yq/v4/pkg/yqlib/printer_writer.go:78.2,80.32 2 0
github.com/mikefarah/yq/v4/pkg/yqlib/stream_evaluator.go:25.43,27.2 1 1
github.com/mikefarah/yq/v4/pkg/yqlib/stream_evaluator.go:29.81,31.16 2 0
github.com/mikefarah/yq/v4/pkg/yqlib/stream_evaluator.go:31.16,33.3 1 0
github.com/mikefarah/yq/v4/pkg/yqlib/stream_evaluator.go:34.2,39.25 5 0
github.com/mikefarah/yq/v4/pkg/yqlib/stream_evaluator.go:39.25,41.3 1 0
github.com/mikefarah/yq/v4/pkg/yqlib/stream_evaluator.go:42.2,42.51 1 0
github.com/mikefarah/yq/v4/pkg/yqlib/stream_evaluator.go:45.120,48.16 3 0
github.com/mikefarah/yq/v4/pkg/yqlib/stream_evaluator.go:48.16,50.3 1 0
github.com/mikefarah/yq/v4/pkg/yqlib/stream_evaluator.go:52.2,52.37 1 0
github.com/mikefarah/yq/v4/pkg/yqlib/stream_evaluator.go:52.37,55.17 2 0
github.com/mikefarah/yq/v4/pkg/yqlib/stream_evaluator.go:55.17,57.4 1 0
github.com/mikefarah/yq/v4/pkg/yqlib/stream_evaluator.go:58.3,59.17 2 0
github.com/mikefarah/yq/v4/pkg/yqlib/stream_evaluator.go:59.17,61.4 1 0
github.com/mikefarah/yq/v4/pkg/yqlib/stream_evaluator.go:62.3,64.34 2 0
github.com/mikefarah/yq/v4/pkg/yqlib/stream_evaluator.go:65.17,66.27 1 0
github.com/mikefarah/yq/v4/pkg/yqlib/stream_evaluator.go:70.2,70.27 1 0
github.com/mikefarah/yq/v4/pkg/yqlib/stream_evaluator.go:70.27,73.3 1 0
github.com/mikefarah/yq/v4/pkg/yqlib/stream_evaluator.go:75.2,75.12 1 0
github.com/mikefarah/yq/v4/pkg/yqlib/stream_evaluator.go:78.141,82.16 3 1
github.com/mikefarah/yq/v4/pkg/yqlib/stream_evaluator.go:82.16,84.3 1 0
github.com/mikefarah/yq/v4/pkg/yqlib/stream_evaluator.go:85.2,85.6 1 1
github.com/mikefarah/yq/v4/pkg/yqlib/stream_evaluator.go:85.6,88.38 2 1
github.com/mikefarah/yq/v4/pkg/yqlib/stream_evaluator.go:88.38,91.4 2 1
github.com/mikefarah/yq/v4/pkg/yqlib/stream_evaluator.go:91.9,91.33 1 1
github.com/mikefarah/yq/v4/pkg/yqlib/stream_evaluator.go:91.33,93.4 1 0
github.com/mikefarah/yq/v4/pkg/yqlib/stream_evaluator.go:94.3,102.26 7 1
github.com/mikefarah/yq/v4/pkg/yqlib/stream_evaluator.go:102.26,104.4 1 0
github.com/mikefarah/yq/v4/pkg/yqlib/stream_evaluator.go:105.3,107.17 2 1
github.com/mikefarah/yq/v4/pkg/yqlib/stream_evaluator.go:107.17,109.4 1 0
github.com/mikefarah/yq/v4/pkg/yqlib/stream_evaluator.go:110.3,110.34 1 1
github.com/mikefarah/yq/v4/pkg/yqlib/string_evaluator.go:22.43,26.2 1 1
github.com/mikefarah/yq/v4/pkg/yqlib/string_evaluator.go:28.119,36.16 5 1
github.com/mikefarah/yq/v4/pkg/yqlib/string_evaluator.go:36.16,38.3 1 0
github.com/mikefarah/yq/v4/pkg/yqlib/string_evaluator.go:40.2,44.16 4 1
github.com/mikefarah/yq/v4/pkg/yqlib/string_evaluator.go:44.16,46.3 1 0
github.com/mikefarah/yq/v4/pkg/yqlib/string_evaluator.go:47.2,47.6 1 1
github.com/mikefarah/yq/v4/pkg/yqlib/string_evaluator.go:47.6,50.38 2 1
github.com/mikefarah/yq/v4/pkg/yqlib/string_evaluator.go:50.38,53.4 2 1
github.com/mikefarah/yq/v4/pkg/yqlib/string_evaluator.go:53.9,53.33 1 1
github.com/mikefarah/yq/v4/pkg/yqlib/string_evaluator.go:53.33,55.4 1 0
github.com/mikefarah/yq/v4/pkg/yqlib/string_evaluator.go:56.3,63.26 6 1
github.com/mikefarah/yq/v4/pkg/yqlib/string_evaluator.go:63.26,65.4 1 0
github.com/mikefarah/yq/v4/pkg/yqlib/string_evaluator.go:66.3,68.17 2 1
github.com/mikefarah/yq/v4/pkg/yqlib/string_evaluator.go:68.17,70.4 1 0
github.com/mikefarah/yq/v4/pkg/yqlib/string_evaluator.go:71.3,71.34 1 1
github.com/mikefarah/yq/v4/pkg/yqlib/utils.go:12.53,14.21 2 0
github.com/mikefarah/yq/v4/pkg/yqlib/utils.go:14.21,16.3 1 0
github.com/mikefarah/yq/v4/pkg/yqlib/utils.go:16.8,20.17 2 0
github.com/mikefarah/yq/v4/pkg/yqlib/utils.go:20.17,22.4 1 0
github.com/mikefarah/yq/v4/pkg/yqlib/utils.go:23.3,23.33 1 0
github.com/mikefarah/yq/v4/pkg/yqlib/utils.go:25.2,25.20 1 0
github.com/mikefarah/yq/v4/pkg/yqlib/utils.go:29.54,32.2 2 1
github.com/mikefarah/yq/v4/pkg/yqlib/utils.go:34.107,36.16 2 1
github.com/mikefarah/yq/v4/pkg/yqlib/utils.go:36.16,38.3 1 0
github.com/mikefarah/yq/v4/pkg/yqlib/utils.go:39.2,42.6 3 1
github.com/mikefarah/yq/v4/pkg/yqlib/utils.go:42.6,45.38 2 1
github.com/mikefarah/yq/v4/pkg/yqlib/utils.go:45.38,46.35 1 1
github.com/mikefarah/yq/v4/pkg/yqlib/utils.go:47.18,48.28 1 0
github.com/mikefarah/yq/v4/pkg/yqlib/utils.go:50.4,50.25 1 1
github.com/mikefarah/yq/v4/pkg/yqlib/utils.go:51.9,51.33 1 1
github.com/mikefarah/yq/v4/pkg/yqlib/utils.go:51.33,53.4 1 1
github.com/mikefarah/yq/v4/pkg/yqlib/utils.go:54.3,61.34 6 1
github.com/mikefarah/yq/v4/pkg/yqlib/write_in_place_handler.go:17.67,20.2 1 0
github.com/mikefarah/yq/v4/pkg/yqlib/write_in_place_handler.go:22.70,25.16 2 0
github.com/mikefarah/yq/v4/pkg/yqlib/write_in_place_handler.go:25.16,27.3 1 0
github.com/mikefarah/yq/v4/pkg/yqlib/write_in_place_handler.go:28.2,29.16 2 0
github.com/mikefarah/yq/v4/pkg/yqlib/write_in_place_handler.go:29.16,31.3 1 0
github.com/mikefarah/yq/v4/pkg/yqlib/write_in_place_handler.go:32.2,34.16 2 0
github.com/mikefarah/yq/v4/pkg/yqlib/write_in_place_handler.go:34.16,36.3 1 0
github.com/mikefarah/yq/v4/pkg/yqlib/write_in_place_handler.go:38.2,38.47 1 0
github.com/mikefarah/yq/v4/pkg/yqlib/write_in_place_handler.go:38.47,40.3 1 0
github.com/mikefarah/yq/v4/pkg/yqlib/write_in_place_handler.go:41.2,43.18 3 0
github.com/mikefarah/yq/v4/pkg/yqlib/write_in_place_handler.go:46.88,49.27 3 0
github.com/mikefarah/yq/v4/pkg/yqlib/write_in_place_handler.go:49.27,52.3 2 0
github.com/mikefarah/yq/v4/pkg/yqlib/write_in_place_handler.go:53.2,55.12 2 0
github.com/mikefarah/yq/v4/pkg/yqlib/xml.go:15.48,27.2 1 1
github.com/mikefarah/yq/v4/pkg/yqlib/yaml.go:10.50,17.2 1 1
